{"/Users/richardchen/Documents/GitHub/Time-Off-Microservice/src/app.module.ts": {"path":"/Users/richardchen/Documents/GitHub/Time-Off-Microservice/src/app.module.ts","statementMap":{"0":{"start":{"line":1,"column":0},"end":{"line":1,"column":40}},"1":{"start":{"line":2,"column":0},"end":{"line":2,"column":46}},"2":{"start":{"line":3,"column":0},"end":{"line":3,"column":60}},"3":{"start":{"line":4,"column":0},"end":{"line":4,"column":63}},"4":{"start":{"line":5,"column":0},"end":{"line":5,"column":63}},"5":{"start":{"line":6,"column":0},"end":{"line":6,"column":60}},"6":{"start":{"line":7,"column":0},"end":{"line":7,"column":59}},"7":{"start":{"line":8,"column":0},"end":{"line":8,"column":48}},"8":{"start":{"line":9,"column":0},"end":{"line":9,"column":65}},"9":{"start":{"line":25,"column":7},"end":{"line":25,"column":null}},"10":{"start":{"line":25,"column":13},"end":{"line":25,"column":22}},"11":{"start":{"line":25,"column":13},"end":{"line":25,"column":null}}},"fnMap":{},"branchMap":{},"s":{"0":0,"1":0,"2":0,"3":0,"4":0,"5":0,"6":0,"7":0,"8":0,"9":0,"10":0,"11":0},"f":{},"b":{}}
,"/Users/richardchen/Documents/GitHub/Time-Off-Microservice/src/main.ts": {"path":"/Users/richardchen/Documents/GitHub/Time-Off-Microservice/src/main.ts","statementMap":{"0":{"start":{"line":1,"column":0},"end":{"line":1,"column":26}},"1":{"start":{"line":2,"column":0},"end":{"line":2,"column":43}},"2":{"start":{"line":3,"column":0},"end":{"line":3,"column":48}},"3":{"start":{"line":4,"column":0},"end":{"line":4,"column":41}},"4":{"start":{"line":5,"column":0},"end":{"line":5,"column":77}},"5":{"start":{"line":8,"column":14},"end":{"line":8,"column":49}},"6":{"start":{"line":10,"column":2},"end":{"line":16,"column":4}},"7":{"start":{"line":18,"column":2},"end":{"line":18,"column":50}},"8":{"start":{"line":20,"column":15},"end":{"line":20,"column":39}},"9":{"start":{"line":21,"column":2},"end":{"line":21,"column":25}},"10":{"start":{"line":22,"column":2},"end":{"line":22,"column":63}},"11":{"start":{"line":25,"column":0},"end":{"line":25,"column":12}}},"fnMap":{"0":{"name":"bootstrap","decl":{"start":{"line":7,"column":15},"end":{"line":7,"column":24}},"loc":{"start":{"line":7,"column":24},"end":{"line":23,"column":1}}}},"branchMap":{"0":{"loc":{"start":{"line":20,"column":15},"end":{"line":20,"column":39}},"type":"binary-expr","locations":[{"start":{"line":20,"column":15},"end":{"line":20,"column":31}},{"start":{"line":20,"column":35},"end":{"line":20,"column":39}}]}},"s":{"0":0,"1":0,"2":0,"3":0,"4":0,"5":0,"6":0,"7":0,"8":0,"9":0,"10":0,"11":0},"f":{"0":0},"b":{"0":[0,0]}}
,"/Users/richardchen/Documents/GitHub/Time-Off-Microservice/src/balances/balances.controller.ts": {"path":"/Users/richardchen/Documents/GitHub/Time-Off-Microservice/src/balances/balances.controller.ts","statementMap":{"0":{"start":{"line":1,"column":0},"end":{"line":1,"column":63}},"1":{"start":{"line":2,"column":0},"end":{"line":2,"column":53}},"2":{"start":{"line":3,"column":0},"end":{"line":3,"column":59}},"3":{"start":{"line":6,"column":7},"end":{"line":26,"column":null}},"4":{"start":{"line":7,"column":31},"end":{"line":7,"column":48}},"5":{"start":{"line":11,"column":4},"end":{"line":11,"column":58}},"6":{"start":{"line":20,"column":4},"end":{"line":24,"column":6}},"7":{"start":{"line":6,"column":13},"end":{"line":6,"column":31}},"8":{"start":{"line":10,"column":2},"end":{"line":12,"column":null}},"9":{"start":{"line":15,"column":2},"end":{"line":25,"column":null}},"10":{"start":{"line":6,"column":13},"end":{"line":26,"column":null}}},"fnMap":{"0":{"name":"(anonymous_4)","decl":{"start":{"line":7,"column":2},"end":{"line":7,"column":31}},"loc":{"start":{"line":7,"column":63},"end":{"line":7,"column":67}}},"1":{"name":"(anonymous_5)","decl":{"start":{"line":10,"column":2},"end":{"line":10,"column":15}},"loc":{"start":{"line":10,"column":55},"end":{"line":12,"column":3}}},"2":{"name":"(anonymous_6)","decl":{"start":{"line":15,"column":2},"end":{"line":15,"column":26}},"loc":{"start":{"line":18,"column":38},"end":{"line":25,"column":3}}}},"branchMap":{},"s":{"0":4,"1":4,"2":4,"3":4,"4":4,"5":2,"6":6,"7":4,"8":4,"9":4,"10":4},"f":{"0":4,"1":2,"2":6},"b":{}}
,"/Users/richardchen/Documents/GitHub/Time-Off-Microservice/src/balances/balances.module.ts": {"path":"/Users/richardchen/Documents/GitHub/Time-Off-Microservice/src/balances/balances.module.ts","statementMap":{"0":{"start":{"line":1,"column":0},"end":{"line":1,"column":40}},"1":{"start":{"line":2,"column":0},"end":{"line":2,"column":48}},"2":{"start":{"line":3,"column":0},"end":{"line":3,"column":78}},"3":{"start":{"line":4,"column":0},"end":{"line":4,"column":53}},"4":{"start":{"line":5,"column":0},"end":{"line":5,"column":59}},"5":{"start":{"line":6,"column":0},"end":{"line":6,"column":66}},"6":{"start":{"line":14,"column":7},"end":{"line":14,"column":null}},"7":{"start":{"line":14,"column":13},"end":{"line":14,"column":27}},"8":{"start":{"line":14,"column":13},"end":{"line":14,"column":null}}},"fnMap":{},"branchMap":{},"s":{"0":4,"1":4,"2":4,"3":4,"4":4,"5":4,"6":4,"7":4,"8":4},"f":{},"b":{}}
,"/Users/richardchen/Documents/GitHub/Time-Off-Microservice/src/balances/balances.service.ts": {"path":"/Users/richardchen/Documents/GitHub/Time-Off-Microservice/src/balances/balances.service.ts","statementMap":{"0":{"start":{"line":1,"column":0},"end":{"line":1,"column":52}},"1":{"start":{"line":2,"column":0},"end":{"line":2,"column":51}},"2":{"start":{"line":3,"column":0},"end":{"line":3,"column":37}},"3":{"start":{"line":4,"column":0},"end":{"line":4,"column":93}},"4":{"start":{"line":5,"column":0},"end":{"line":5,"column":68}},"5":{"start":{"line":8,"column":28},"end":{"line":89,"column":null}},"6":{"start":{"line":13,"column":21},"end":{"line":13,"column":34}},"7":{"start":{"line":14,"column":21},"end":{"line":14,"column":32}},"8":{"start":{"line":9,"column":19},"end":{"line":9,"column":61}},"9":{"start":{"line":18,"column":4},"end":{"line":18,"column":60}},"10":{"start":{"line":26,"column":4},"end":{"line":40,"column":5}},"11":{"start":{"line":27,"column":6},"end":{"line":39,"column":7}},"12":{"start":{"line":28,"column":27},"end":{"line":28,"column":82}},"13":{"start":{"line":29,"column":8},"end":{"line":34,"column":10}},"14":{"start":{"line":36,"column":8},"end":{"line":38,"column":10}},"15":{"start":{"line":41,"column":4},"end":{"line":41,"column":75}},"16":{"start":{"line":51,"column":18},"end":{"line":53,"column":6}},"17":{"start":{"line":55,"column":4},"end":{"line":69,"column":5}},"18":{"start":{"line":56,"column":6},"end":{"line":56,"column":56}},"19":{"start":{"line":57,"column":6},"end":{"line":57,"column":30}},"20":{"start":{"line":58,"column":6},"end":{"line":58,"column":40}},"21":{"start":{"line":59,"column":6},"end":{"line":59,"column":62}},"22":{"start":{"line":61,"column":6},"end":{"line":68,"column":9}},"23":{"start":{"line":71,"column":4},"end":{"line":71,"column":42}},"24":{"start":{"line":79,"column":20},"end":{"line":81,"column":6}},"25":{"start":{"line":82,"column":4},"end":{"line":84,"column":5}},"26":{"start":{"line":83,"column":6},"end":{"line":83,"column":75}},"27":{"start":{"line":85,"column":23},"end":{"line":85,"column":74}},"28":{"start":{"line":86,"column":4},"end":{"line":86,"column":37}},"29":{"start":{"line":87,"column":4},"end":{"line":87,"column":42}},"30":{"start":{"line":8,"column":13},"end":{"line":8,"column":28}},"31":{"start":{"line":8,"column":13},"end":{"line":89,"column":null}}},"fnMap":{"0":{"name":"(anonymous_4)","decl":{"start":{"line":11,"column":2},"end":{"line":11,"column":null}},"loc":{"start":{"line":14,"column":48},"end":{"line":15,"column":6}}},"1":{"name":"(anonymous_5)","decl":{"start":{"line":17,"column":2},"end":{"line":17,"column":7}},"loc":{"start":{"line":17,"column":40},"end":{"line":19,"column":3}}},"2":{"name":"(anonymous_6)","decl":{"start":{"line":21,"column":2},"end":{"line":21,"column":7}},"loc":{"start":{"line":24,"column":19},"end":{"line":42,"column":3}}},"3":{"name":"(anonymous_7)","decl":{"start":{"line":44,"column":2},"end":{"line":44,"column":7}},"loc":{"start":{"line":49,"column":34},"end":{"line":72,"column":3}}},"4":{"name":"(anonymous_8)","decl":{"start":{"line":74,"column":2},"end":{"line":74,"column":7}},"loc":{"start":{"line":77,"column":16},"end":{"line":88,"column":3}}}},"branchMap":{"0":{"loc":{"start":{"line":24,"column":4},"end":{"line":24,"column":19}},"type":"default-arg","locations":[{"start":{"line":24,"column":14},"end":{"line":24,"column":19}}]},"1":{"loc":{"start":{"line":26,"column":4},"end":{"line":40,"column":5}},"type":"if","locations":[{"start":{"line":26,"column":4},"end":{"line":40,"column":5}}]},"2":{"loc":{"start":{"line":49,"column":4},"end":{"line":49,"column":34}},"type":"default-arg","locations":[{"start":{"line":49,"column":29},"end":{"line":49,"column":34}}]},"3":{"loc":{"start":{"line":55,"column":4},"end":{"line":69,"column":5}},"type":"if","locations":[{"start":{"line":55,"column":4},"end":{"line":69,"column":5}},{"start":{"line":60,"column":11},"end":{"line":69,"column":5}}]},"4":{"loc":{"start":{"line":82,"column":4},"end":{"line":84,"column":5}},"type":"if","locations":[{"start":{"line":82,"column":4},"end":{"line":84,"column":5}}]}},"s":{"0":5,"1":5,"2":5,"3":5,"4":5,"5":5,"6":12,"7":12,"8":12,"9":4,"10":10,"11":4,"12":4,"13":2,"14":2,"15":10,"16":4,"17":4,"18":3,"19":3,"20":3,"21":3,"22":1,"23":4,"24":0,"25":0,"26":0,"27":0,"28":0,"29":0,"30":5,"31":5},"f":{"0":12,"1":4,"2":10,"3":4,"4":0},"b":{"0":[5],"1":[4],"2":[4],"3":[3,1],"4":[0]}}
,"/Users/richardchen/Documents/GitHub/Time-Off-Microservice/src/balances/dto/get-balance.dto.ts": {"path":"/Users/richardchen/Documents/GitHub/Time-Off-Microservice/src/balances/dto/get-balance.dto.ts","statementMap":{"0":{"start":{"line":1,"column":0},"end":{"line":1,"column":56}},"1":{"start":{"line":2,"column":0},"end":{"line":2,"column":46}},"2":{"start":{"line":4,"column":0},"end":{"line":4,"column":13}},"3":{"start":{"line":8,"column":2},"end":{"line":8,"column":null}},"4":{"start":{"line":7,"column":28},"end":{"line":7,"column":62}}},"fnMap":{"0":{"name":"(anonymous_2)","decl":{"start":{"line":7,"column":13},"end":{"line":7,"column":14}},"loc":{"start":{"line":7,"column":28},"end":{"line":7,"column":62}}}},"branchMap":{"0":{"loc":{"start":{"line":7,"column":28},"end":{"line":7,"column":62}},"type":"binary-expr","locations":[{"start":{"line":7,"column":28},"end":{"line":7,"column":44}},{"start":{"line":7,"column":48},"end":{"line":7,"column":62}}]}},"s":{"0":4,"1":4,"2":4,"3":4,"4":2},"f":{"0":2},"b":{"0":[2,0]}}
,"/Users/richardchen/Documents/GitHub/Time-Off-Microservice/src/common/exceptions/index.ts": {"path":"/Users/richardchen/Documents/GitHub/Time-Off-Microservice/src/common/exceptions/index.ts","statementMap":{"0":{"start":{"line":1,"column":0},"end":{"line":1,"column":59}},"1":{"start":{"line":5,"column":4},"end":{"line":5,"column":76}},"2":{"start":{"line":3,"column":0},"end":{"line":3,"column":13}},"3":{"start":{"line":11,"column":4},"end":{"line":11,"column":76}},"4":{"start":{"line":9,"column":0},"end":{"line":9,"column":13}},"5":{"start":{"line":17,"column":4},"end":{"line":20,"column":6}},"6":{"start":{"line":15,"column":0},"end":{"line":15,"column":13}},"7":{"start":{"line":26,"column":4},"end":{"line":29,"column":6}},"8":{"start":{"line":24,"column":0},"end":{"line":24,"column":13}},"9":{"start":{"line":35,"column":4},"end":{"line":38,"column":6}},"10":{"start":{"line":33,"column":0},"end":{"line":33,"column":13}},"11":{"start":{"line":44,"column":4},"end":{"line":44,"column":56}},"12":{"start":{"line":45,"column":4},"end":{"line":45,"column":34}},"13":{"start":{"line":42,"column":0},"end":{"line":42,"column":13}},"14":{"start":{"line":51,"column":4},"end":{"line":51,"column":52}},"15":{"start":{"line":52,"column":4},"end":{"line":52,"column":33}},"16":{"start":{"line":49,"column":0},"end":{"line":49,"column":13}},"17":{"start":{"line":58,"column":4},"end":{"line":58,"column":49}},"18":{"start":{"line":59,"column":4},"end":{"line":59,"column":35}},"19":{"start":{"line":56,"column":0},"end":{"line":56,"column":13}}},"fnMap":{"0":{"name":"(anonymous_0)","decl":{"start":{"line":4,"column":2},"end":{"line":4,"column":14}},"loc":{"start":{"line":4,"column":32},"end":{"line":6,"column":3}}},"1":{"name":"(anonymous_1)","decl":{"start":{"line":10,"column":2},"end":{"line":10,"column":14}},"loc":{"start":{"line":10,"column":32},"end":{"line":12,"column":3}}},"2":{"name":"(anonymous_2)","decl":{"start":{"line":16,"column":2},"end":{"line":16,"column":14}},"loc":{"start":{"line":16,"column":32},"end":{"line":21,"column":3}}},"3":{"name":"(anonymous_3)","decl":{"start":{"line":25,"column":2},"end":{"line":25,"column":14}},"loc":{"start":{"line":25,"column":52},"end":{"line":30,"column":3}}},"4":{"name":"(anonymous_4)","decl":{"start":{"line":34,"column":2},"end":{"line":34,"column":14}},"loc":{"start":{"line":34,"column":50},"end":{"line":39,"column":3}}},"5":{"name":"(anonymous_5)","decl":{"start":{"line":43,"column":2},"end":{"line":43,"column":14}},"loc":{"start":{"line":43,"column":31},"end":{"line":46,"column":3}}},"6":{"name":"(anonymous_6)","decl":{"start":{"line":50,"column":2},"end":{"line":50,"column":14}},"loc":{"start":{"line":50,"column":45},"end":{"line":53,"column":3}}},"7":{"name":"(anonymous_7)","decl":{"start":{"line":57,"column":2},"end":{"line":57,"column":14}},"loc":{"start":{"line":57,"column":30},"end":{"line":60,"column":3}}}},"branchMap":{},"s":{"0":8,"1":3,"2":8,"3":2,"4":8,"5":3,"6":8,"7":4,"8":8,"9":11,"10":8,"11":10,"12":10,"13":8,"14":2,"15":2,"16":8,"17":3,"18":3,"19":8},"f":{"0":3,"1":2,"2":3,"3":4,"4":11,"5":10,"6":2,"7":3},"b":{}}
,"/Users/richardchen/Documents/GitHub/Time-Off-Microservice/src/common/filters/http-exception.filter.ts": {"path":"/Users/richardchen/Documents/GitHub/Time-Off-Microservice/src/common/filters/http-exception.filter.ts","statementMap":{"0":{"start":{"line":1,"column":0},"end":{"line":1,"column":null}},"1":{"start":{"line":10,"column":0},"end":{"line":10,"column":82}},"2":{"start":{"line":13,"column":32},"end":{"line":56,"column":null}},"3":{"start":{"line":14,"column":19},"end":{"line":14,"column":65}},"4":{"start":{"line":17,"column":16},"end":{"line":17,"column":35}},"5":{"start":{"line":18,"column":21},"end":{"line":18,"column":48}},"6":{"start":{"line":19,"column":20},"end":{"line":19,"column":45}},"7":{"start":{"line":24,"column":4},"end":{"line":47,"column":5}},"8":{"start":{"line":25,"column":6},"end":{"line":25,"column":37}},"9":{"start":{"line":26,"column":32},"end":{"line":26,"column":55}},"10":{"start":{"line":27,"column":6},"end":{"line":30,"column":68}},"11":{"start":{"line":31,"column":11},"end":{"line":47,"column":5}},"12":{"start":{"line":32,"column":6},"end":{"line":32,"column":42}},"13":{"start":{"line":33,"column":6},"end":{"line":33,"column":34}},"14":{"start":{"line":34,"column":11},"end":{"line":47,"column":5}},"15":{"start":{"line":35,"column":6},"end":{"line":35,"column":38}},"16":{"start":{"line":36,"column":6},"end":{"line":36,"column":34}},"17":{"start":{"line":37,"column":11},"end":{"line":47,"column":5}},"18":{"start":{"line":38,"column":6},"end":{"line":38,"column":36}},"19":{"start":{"line":39,"column":6},"end":{"line":39,"column":34}},"20":{"start":{"line":40,"column":11},"end":{"line":47,"column":5}},"21":{"start":{"line":41,"column":6},"end":{"line":41,"column":48}},"22":{"start":{"line":42,"column":6},"end":{"line":42,"column":34}},"23":{"start":{"line":43,"column":6},"end":{"line":43,"column":41}},"24":{"start":{"line":45,"column":6},"end":{"line":45,"column":48}},"25":{"start":{"line":46,"column":6},"end":{"line":46,"column":40}},"26":{"start":{"line":49,"column":4},"end":{"line":54,"column":7}},"27":{"start":{"line":13,"column":13},"end":{"line":13,"column":32}},"28":{"start":{"line":13,"column":13},"end":{"line":56,"column":null}}},"fnMap":{"0":{"name":"(anonymous_1)","decl":{"start":{"line":13,"column":7},"end":{"line":13,"column":13}},"loc":{"start":{"line":13,"column":7},"end":{"line":56,"column":1}}},"1":{"name":"(anonymous_2)","decl":{"start":{"line":16,"column":2},"end":{"line":16,"column":7}},"loc":{"start":{"line":16,"column":47},"end":{"line":55,"column":3}}}},"branchMap":{"0":{"loc":{"start":{"line":24,"column":4},"end":{"line":47,"column":5}},"type":"if","locations":[{"start":{"line":24,"column":4},"end":{"line":47,"column":5}},{"start":{"line":31,"column":11},"end":{"line":47,"column":5}}]},"1":{"loc":{"start":{"line":28,"column":8},"end":{"line":30,"column":67}},"type":"cond-expr","locations":[{"start":{"line":29,"column":12},"end":{"line":29,"column":29}},{"start":{"line":30,"column":13},"end":{"line":30,"column":67}}]},"2":{"loc":{"start":{"line":30,"column":13},"end":{"line":30,"column":67}},"type":"binary-expr","locations":[{"start":{"line":30,"column":13},"end":{"line":30,"column":46}},{"start":{"line":30,"column":50},"end":{"line":30,"column":67}}]},"3":{"loc":{"start":{"line":31,"column":11},"end":{"line":47,"column":5}},"type":"if","locations":[{"start":{"line":31,"column":11},"end":{"line":47,"column":5}},{"start":{"line":34,"column":11},"end":{"line":47,"column":5}}]},"4":{"loc":{"start":{"line":34,"column":11},"end":{"line":47,"column":5}},"type":"if","locations":[{"start":{"line":34,"column":11},"end":{"line":47,"column":5}},{"start":{"line":37,"column":11},"end":{"line":47,"column":5}}]},"5":{"loc":{"start":{"line":37,"column":11},"end":{"line":47,"column":5}},"type":"if","locations":[{"start":{"line":37,"column":11},"end":{"line":47,"column":5}},{"start":{"line":40,"column":11},"end":{"line":47,"column":5}}]},"6":{"loc":{"start":{"line":40,"column":11},"end":{"line":47,"column":5}},"type":"if","locations":[{"start":{"line":40,"column":11},"end":{"line":47,"column":5}},{"start":{"line":44,"column":11},"end":{"line":47,"column":5}}]}},"s":{"0":4,"1":4,"2":4,"3":4,"4":18,"5":18,"6":18,"7":18,"8":17,"9":17,"10":17,"11":1,"12":0,"13":0,"14":1,"15":0,"16":0,"17":1,"18":1,"19":1,"20":0,"21":0,"22":0,"23":0,"24":0,"25":0,"26":18,"27":4,"28":4},"f":{"0":4,"1":18},"b":{"0":[17,1],"1":[15,2],"2":[2,0],"3":[0,1],"4":[0,1],"5":[1,0],"6":[0,0]}}
,"/Users/richardchen/Documents/GitHub/Time-Off-Microservice/src/database/database.module.ts": {"path":"/Users/richardchen/Documents/GitHub/Time-Off-Microservice/src/database/database.module.ts","statementMap":{"0":{"start":{"line":1,"column":0},"end":{"line":1,"column":40}},"1":{"start":{"line":2,"column":0},"end":{"line":2,"column":48}},"2":{"start":{"line":3,"column":0},"end":{"line":3,"column":61}},"3":{"start":{"line":4,"column":0},"end":{"line":4,"column":null}},"4":{"start":{"line":27,"column":7},"end":{"line":27,"column":null}},"5":{"start":{"line":27,"column":13},"end":{"line":27,"column":27}},"6":{"start":{"line":27,"column":13},"end":{"line":27,"column":null}},"7":{"start":{"line":16,"column":46},"end":{"line":22,"column":8}}},"fnMap":{"0":{"name":"(anonymous_1)","decl":{"start":{"line":16,"column":18},"end":{"line":16,"column":19}},"loc":{"start":{"line":16,"column":46},"end":{"line":22,"column":8}}}},"branchMap":{},"s":{"0":0,"1":0,"2":0,"3":0,"4":0,"5":0,"6":0,"7":0},"f":{"0":0},"b":{}}
,"/Users/richardchen/Documents/GitHub/Time-Off-Microservice/src/database/entities/employee-location.entity.ts": {"path":"/Users/richardchen/Documents/GitHub/Time-Off-Microservice/src/database/entities/employee-location.entity.ts","statementMap":{"0":{"start":{"line":1,"column":0},"end":{"line":1,"column":null}},"1":{"start":{"line":8,"column":0},"end":{"line":8,"column":45}},"2":{"start":{"line":9,"column":0},"end":{"line":9,"column":45}},"3":{"start":{"line":13,"column":7},"end":{"line":31,"column":null}},"4":{"start":{"line":13,"column":13},"end":{"line":13,"column":29}},"5":{"start":{"line":15,"column":2},"end":{"line":15,"column":null}},"6":{"start":{"line":18,"column":2},"end":{"line":18,"column":null}},"7":{"start":{"line":21,"column":2},"end":{"line":21,"column":null}},"8":{"start":{"line":24,"column":2},"end":{"line":24,"column":null}},"9":{"start":{"line":27,"column":2},"end":{"line":27,"column":null}},"10":{"start":{"line":26,"column":19},"end":{"line":26,"column":27}},"11":{"start":{"line":26,"column":36},"end":{"line":26,"column":55}},"12":{"start":{"line":30,"column":2},"end":{"line":30,"column":null}},"13":{"start":{"line":29,"column":19},"end":{"line":29,"column":27}},"14":{"start":{"line":29,"column":36},"end":{"line":29,"column":55}},"15":{"start":{"line":13,"column":13},"end":{"line":31,"column":null}}},"fnMap":{"0":{"name":"(anonymous_2)","decl":{"start":{"line":26,"column":13},"end":{"line":26,"column":16}},"loc":{"start":{"line":26,"column":19},"end":{"line":26,"column":27}}},"1":{"name":"(anonymous_3)","decl":{"start":{"line":26,"column":29},"end":{"line":26,"column":30}},"loc":{"start":{"line":26,"column":36},"end":{"line":26,"column":55}}},"2":{"name":"(anonymous_4)","decl":{"start":{"line":29,"column":13},"end":{"line":29,"column":16}},"loc":{"start":{"line":29,"column":19},"end":{"line":29,"column":27}}},"3":{"name":"(anonymous_5)","decl":{"start":{"line":29,"column":29},"end":{"line":29,"column":30}},"loc":{"start":{"line":29,"column":36},"end":{"line":29,"column":55}}}},"branchMap":{},"s":{"0":7,"1":7,"2":7,"3":7,"4":7,"5":7,"6":7,"7":7,"8":7,"9":7,"10":4,"11":4,"12":7,"13":4,"14":4,"15":7},"f":{"0":4,"1":4,"2":4,"3":4},"b":{}}
,"/Users/richardchen/Documents/GitHub/Time-Off-Microservice/src/database/entities/employee.entity.ts": {"path":"/Users/richardchen/Documents/GitHub/Time-Off-Microservice/src/database/entities/employee.entity.ts","statementMap":{"0":{"start":{"line":1,"column":0},"end":{"line":1,"column":null}},"1":{"start":{"line":7,"column":0},"end":{"line":7,"column":62}},"2":{"start":{"line":8,"column":0},"end":{"line":8,"column":59}},"3":{"start":{"line":9,"column":0},"end":{"line":9,"column":59}},"4":{"start":{"line":12,"column":7},"end":{"line":30,"column":null}},"5":{"start":{"line":12,"column":13},"end":{"line":12,"column":21}},"6":{"start":{"line":14,"column":2},"end":{"line":14,"column":null}},"7":{"start":{"line":17,"column":2},"end":{"line":17,"column":null}},"8":{"start":{"line":20,"column":2},"end":{"line":20,"column":null}},"9":{"start":{"line":23,"column":2},"end":{"line":23,"column":null}},"10":{"start":{"line":22,"column":19},"end":{"line":22,"column":35}},"11":{"start":{"line":22,"column":45},"end":{"line":22,"column":56}},"12":{"start":{"line":26,"column":2},"end":{"line":26,"column":null}},"13":{"start":{"line":25,"column":19},"end":{"line":25,"column":33}},"14":{"start":{"line":25,"column":42},"end":{"line":25,"column":52}},"15":{"start":{"line":29,"column":2},"end":{"line":29,"column":null}},"16":{"start":{"line":28,"column":19},"end":{"line":28,"column":33}},"17":{"start":{"line":28,"column":42},"end":{"line":28,"column":52}},"18":{"start":{"line":12,"column":13},"end":{"line":30,"column":null}}},"fnMap":{"0":{"name":"(anonymous_2)","decl":{"start":{"line":22,"column":13},"end":{"line":22,"column":16}},"loc":{"start":{"line":22,"column":19},"end":{"line":22,"column":35}}},"1":{"name":"(anonymous_3)","decl":{"start":{"line":22,"column":37},"end":{"line":22,"column":38}},"loc":{"start":{"line":22,"column":45},"end":{"line":22,"column":56}}},"2":{"name":"(anonymous_4)","decl":{"start":{"line":25,"column":13},"end":{"line":25,"column":16}},"loc":{"start":{"line":25,"column":19},"end":{"line":25,"column":33}}},"3":{"name":"(anonymous_5)","decl":{"start":{"line":25,"column":35},"end":{"line":25,"column":36}},"loc":{"start":{"line":25,"column":42},"end":{"line":25,"column":52}}},"4":{"name":"(anonymous_6)","decl":{"start":{"line":28,"column":13},"end":{"line":28,"column":16}},"loc":{"start":{"line":28,"column":19},"end":{"line":28,"column":33}}},"5":{"name":"(anonymous_7)","decl":{"start":{"line":28,"column":35},"end":{"line":28,"column":36}},"loc":{"start":{"line":28,"column":42},"end":{"line":28,"column":52}}}},"branchMap":{},"s":{"0":7,"1":7,"2":7,"3":7,"4":7,"5":7,"6":7,"7":7,"8":7,"9":7,"10":4,"11":4,"12":7,"13":4,"14":4,"15":7,"16":4,"17":4,"18":7},"f":{"0":4,"1":4,"2":4,"3":4,"4":4,"5":4},"b":{}}
,"/Users/richardchen/Documents/GitHub/Time-Off-Microservice/src/database/entities/index.ts": {"path":"/Users/richardchen/Documents/GitHub/Time-Off-Microservice/src/database/entities/index.ts","statementMap":{"0":{"start":{"line":1,"column":0},"end":{"line":1,"column":9}},"1":{"start":{"line":1,"column":9},"end":{"line":1,"column":45}},"2":{"start":{"line":2,"column":0},"end":{"line":2,"column":9}},"3":{"start":{"line":2,"column":9},"end":{"line":2,"column":45}},"4":{"start":{"line":3,"column":0},"end":{"line":3,"column":9}},"5":{"start":{"line":3,"column":9},"end":{"line":3,"column":62}},"6":{"start":{"line":4,"column":0},"end":{"line":4,"column":9}},"7":{"start":{"line":4,"column":9},"end":{"line":4,"column":74}},"8":{"start":{"line":5,"column":0},"end":{"line":5,"column":9}},"9":{"start":{"line":5,"column":9},"end":{"line":5,"column":74}}},"fnMap":{"0":{"name":"(anonymous_0)","decl":{"start":{"line":1,"column":9},"end":{"line":1,"column":17}},"loc":{"start":{"line":1,"column":9},"end":{"line":1,"column":45}}},"1":{"name":"(anonymous_1)","decl":{"start":{"line":2,"column":9},"end":{"line":2,"column":17}},"loc":{"start":{"line":2,"column":9},"end":{"line":2,"column":45}}},"2":{"name":"(anonymous_2)","decl":{"start":{"line":3,"column":9},"end":{"line":3,"column":25}},"loc":{"start":{"line":3,"column":9},"end":{"line":3,"column":62}}},"3":{"name":"(anonymous_3)","decl":{"start":{"line":4,"column":9},"end":{"line":4,"column":23}},"loc":{"start":{"line":4,"column":9},"end":{"line":4,"column":74}}},"4":{"name":"(anonymous_4)","decl":{"start":{"line":5,"column":9},"end":{"line":5,"column":23}},"loc":{"start":{"line":5,"column":9},"end":{"line":5,"column":74}}}},"branchMap":{},"s":{"0":0,"1":0,"2":0,"3":0,"4":0,"5":0,"6":0,"7":0,"8":0,"9":0},"f":{"0":0,"1":0,"2":0,"3":0,"4":0},"b":{}}
,"/Users/richardchen/Documents/GitHub/Time-Off-Microservice/src/database/entities/location.entity.ts": {"path":"/Users/richardchen/Documents/GitHub/Time-Off-Microservice/src/database/entities/location.entity.ts","statementMap":{"0":{"start":{"line":1,"column":0},"end":{"line":1,"column":null}},"1":{"start":{"line":7,"column":0},"end":{"line":7,"column":62}},"2":{"start":{"line":8,"column":0},"end":{"line":8,"column":59}},"3":{"start":{"line":9,"column":0},"end":{"line":9,"column":59}},"4":{"start":{"line":12,"column":7},"end":{"line":27,"column":null}},"5":{"start":{"line":12,"column":13},"end":{"line":12,"column":21}},"6":{"start":{"line":14,"column":2},"end":{"line":14,"column":null}},"7":{"start":{"line":17,"column":2},"end":{"line":17,"column":null}},"8":{"start":{"line":20,"column":2},"end":{"line":20,"column":null}},"9":{"start":{"line":19,"column":19},"end":{"line":19,"column":35}},"10":{"start":{"line":19,"column":45},"end":{"line":19,"column":56}},"11":{"start":{"line":23,"column":2},"end":{"line":23,"column":null}},"12":{"start":{"line":22,"column":19},"end":{"line":22,"column":33}},"13":{"start":{"line":22,"column":42},"end":{"line":22,"column":52}},"14":{"start":{"line":26,"column":2},"end":{"line":26,"column":null}},"15":{"start":{"line":25,"column":19},"end":{"line":25,"column":33}},"16":{"start":{"line":25,"column":42},"end":{"line":25,"column":52}},"17":{"start":{"line":12,"column":13},"end":{"line":27,"column":null}}},"fnMap":{"0":{"name":"(anonymous_2)","decl":{"start":{"line":19,"column":13},"end":{"line":19,"column":16}},"loc":{"start":{"line":19,"column":19},"end":{"line":19,"column":35}}},"1":{"name":"(anonymous_3)","decl":{"start":{"line":19,"column":37},"end":{"line":19,"column":38}},"loc":{"start":{"line":19,"column":45},"end":{"line":19,"column":56}}},"2":{"name":"(anonymous_4)","decl":{"start":{"line":22,"column":13},"end":{"line":22,"column":16}},"loc":{"start":{"line":22,"column":19},"end":{"line":22,"column":33}}},"3":{"name":"(anonymous_5)","decl":{"start":{"line":22,"column":35},"end":{"line":22,"column":36}},"loc":{"start":{"line":22,"column":42},"end":{"line":22,"column":52}}},"4":{"name":"(anonymous_6)","decl":{"start":{"line":25,"column":13},"end":{"line":25,"column":16}},"loc":{"start":{"line":25,"column":19},"end":{"line":25,"column":33}}},"5":{"name":"(anonymous_7)","decl":{"start":{"line":25,"column":35},"end":{"line":25,"column":36}},"loc":{"start":{"line":25,"column":42},"end":{"line":25,"column":52}}}},"branchMap":{},"s":{"0":7,"1":7,"2":7,"3":7,"4":7,"5":7,"6":7,"7":7,"8":7,"9":4,"10":4,"11":7,"12":4,"13":4,"14":7,"15":4,"16":4,"17":7},"f":{"0":4,"1":4,"2":4,"3":4,"4":4,"5":4},"b":{}}
,"/Users/richardchen/Documents/GitHub/Time-Off-Microservice/src/database/entities/time-off-balance.entity.ts": {"path":"/Users/richardchen/Documents/GitHub/Time-Off-Microservice/src/database/entities/time-off-balance.entity.ts","statementMap":{"0":{"start":{"line":1,"column":0},"end":{"line":1,"column":null}},"1":{"start":{"line":9,"column":0},"end":{"line":9,"column":45}},"2":{"start":{"line":10,"column":0},"end":{"line":10,"column":45}},"3":{"start":{"line":16,"column":7},"end":{"line":46,"column":null}},"4":{"start":{"line":16,"column":13},"end":{"line":16,"column":27}},"5":{"start":{"line":18,"column":2},"end":{"line":18,"column":null}},"6":{"start":{"line":21,"column":2},"end":{"line":21,"column":null}},"7":{"start":{"line":24,"column":2},"end":{"line":24,"column":null}},"8":{"start":{"line":27,"column":2},"end":{"line":27,"column":null}},"9":{"start":{"line":30,"column":2},"end":{"line":30,"column":null}},"10":{"start":{"line":33,"column":2},"end":{"line":33,"column":null}},"11":{"start":{"line":36,"column":2},"end":{"line":36,"column":null}},"12":{"start":{"line":39,"column":2},"end":{"line":39,"column":null}},"13":{"start":{"line":38,"column":19},"end":{"line":38,"column":27}},"14":{"start":{"line":38,"column":36},"end":{"line":38,"column":46}},"15":{"start":{"line":42,"column":2},"end":{"line":42,"column":null}},"16":{"start":{"line":41,"column":19},"end":{"line":41,"column":27}},"17":{"start":{"line":41,"column":36},"end":{"line":41,"column":46}},"18":{"start":{"line":45,"column":2},"end":{"line":45,"column":null}},"19":{"start":{"line":16,"column":13},"end":{"line":46,"column":null}}},"fnMap":{"0":{"name":"(anonymous_2)","decl":{"start":{"line":38,"column":13},"end":{"line":38,"column":16}},"loc":{"start":{"line":38,"column":19},"end":{"line":38,"column":27}}},"1":{"name":"(anonymous_3)","decl":{"start":{"line":38,"column":29},"end":{"line":38,"column":30}},"loc":{"start":{"line":38,"column":36},"end":{"line":38,"column":46}}},"2":{"name":"(anonymous_4)","decl":{"start":{"line":41,"column":13},"end":{"line":41,"column":16}},"loc":{"start":{"line":41,"column":19},"end":{"line":41,"column":27}}},"3":{"name":"(anonymous_5)","decl":{"start":{"line":41,"column":29},"end":{"line":41,"column":30}},"loc":{"start":{"line":41,"column":36},"end":{"line":41,"column":46}}}},"branchMap":{},"s":{"0":7,"1":7,"2":7,"3":7,"4":7,"5":7,"6":7,"7":7,"8":7,"9":7,"10":7,"11":7,"12":7,"13":4,"14":4,"15":7,"16":4,"17":4,"18":7,"19":7},"f":{"0":4,"1":4,"2":4,"3":4},"b":{}}
,"/Users/richardchen/Documents/GitHub/Time-Off-Microservice/src/database/entities/time-off-request.entity.ts": {"path":"/Users/richardchen/Documents/GitHub/Time-Off-Microservice/src/database/entities/time-off-request.entity.ts","statementMap":{"0":{"start":{"line":1,"column":0},"end":{"line":1,"column":null}},"1":{"start":{"line":9,"column":0},"end":{"line":9,"column":45}},"2":{"start":{"line":10,"column":0},"end":{"line":10,"column":45}},"3":{"start":{"line":20,"column":7},"end":{"line":56,"column":null}},"4":{"start":{"line":20,"column":13},"end":{"line":20,"column":27}},"5":{"start":{"line":22,"column":2},"end":{"line":22,"column":null}},"6":{"start":{"line":25,"column":2},"end":{"line":25,"column":null}},"7":{"start":{"line":28,"column":2},"end":{"line":28,"column":null}},"8":{"start":{"line":31,"column":2},"end":{"line":31,"column":null}},"9":{"start":{"line":34,"column":2},"end":{"line":34,"column":null}},"10":{"start":{"line":37,"column":2},"end":{"line":37,"column":null}},"11":{"start":{"line":40,"column":2},"end":{"line":40,"column":null}},"12":{"start":{"line":43,"column":2},"end":{"line":43,"column":null}},"13":{"start":{"line":46,"column":2},"end":{"line":46,"column":null}},"14":{"start":{"line":49,"column":2},"end":{"line":49,"column":null}},"15":{"start":{"line":52,"column":2},"end":{"line":52,"column":null}},"16":{"start":{"line":51,"column":19},"end":{"line":51,"column":27}},"17":{"start":{"line":51,"column":36},"end":{"line":51,"column":46}},"18":{"start":{"line":55,"column":2},"end":{"line":55,"column":null}},"19":{"start":{"line":54,"column":19},"end":{"line":54,"column":27}},"20":{"start":{"line":54,"column":36},"end":{"line":54,"column":46}},"21":{"start":{"line":20,"column":13},"end":{"line":56,"column":null}}},"fnMap":{"0":{"name":"(anonymous_2)","decl":{"start":{"line":51,"column":13},"end":{"line":51,"column":16}},"loc":{"start":{"line":51,"column":19},"end":{"line":51,"column":27}}},"1":{"name":"(anonymous_3)","decl":{"start":{"line":51,"column":29},"end":{"line":51,"column":30}},"loc":{"start":{"line":51,"column":36},"end":{"line":51,"column":46}}},"2":{"name":"(anonymous_4)","decl":{"start":{"line":54,"column":13},"end":{"line":54,"column":16}},"loc":{"start":{"line":54,"column":19},"end":{"line":54,"column":27}}},"3":{"name":"(anonymous_5)","decl":{"start":{"line":54,"column":29},"end":{"line":54,"column":30}},"loc":{"start":{"line":54,"column":36},"end":{"line":54,"column":46}}}},"branchMap":{},"s":{"0":7,"1":7,"2":7,"3":7,"4":7,"5":7,"6":7,"7":7,"8":7,"9":7,"10":7,"11":7,"12":7,"13":7,"14":7,"15":7,"16":4,"17":4,"18":7,"19":4,"20":4,"21":7},"f":{"0":4,"1":4,"2":4,"3":4},"b":{}}
,"/Users/richardchen/Documents/GitHub/Time-Off-Microservice/src/database/seeds/seed.ts": {"path":"/Users/richardchen/Documents/GitHub/Time-Off-Microservice/src/database/seeds/seed.ts","statementMap":{"0":{"start":{"line":1,"column":0},"end":{"line":1,"column":26}},"1":{"start":{"line":2,"column":0},"end":{"line":2,"column":37}},"2":{"start":{"line":3,"column":0},"end":{"line":3,"column":55}},"3":{"start":{"line":4,"column":0},"end":{"line":4,"column":55}},"4":{"start":{"line":5,"column":0},"end":{"line":5,"column":72}},"5":{"start":{"line":6,"column":0},"end":{"line":6,"column":69}},"6":{"start":{"line":7,"column":0},"end":{"line":7,"column":33}},"7":{"start":{"line":9,"column":0},"end":{"line":9,"column":16}},"8":{"start":{"line":11,"column":22},"end":{"line":16,"column":2}},"9":{"start":{"line":19,"column":2},"end":{"line":19,"column":35}},"10":{"start":{"line":20,"column":2},"end":{"line":20,"column":48}},"11":{"start":{"line":22,"column":23},"end":{"line":22,"column":60}},"12":{"start":{"line":23,"column":23},"end":{"line":23,"column":60}},"13":{"start":{"line":24,"column":17},"end":{"line":24,"column":62}},"14":{"start":{"line":25,"column":22},"end":{"line":25,"column":65}},"15":{"start":{"line":28,"column":2},"end":{"line":28,"column":28}},"16":{"start":{"line":29,"column":2},"end":{"line":29,"column":23}},"17":{"start":{"line":30,"column":2},"end":{"line":30,"column":29}},"18":{"start":{"line":31,"column":2},"end":{"line":31,"column":29}},"19":{"start":{"line":34,"column":16},"end":{"line":35,"column":null}},"20":{"start":{"line":37,"column":14},"end":{"line":38,"column":null}},"21":{"start":{"line":40,"column":18},"end":{"line":41,"column":null}},"22":{"start":{"line":44,"column":2},"end":{"line":44,"column":80}},"23":{"start":{"line":47,"column":14},"end":{"line":48,"column":null}},"24":{"start":{"line":50,"column":13},"end":{"line":51,"column":null}},"25":{"start":{"line":54,"column":2},"end":{"line":54,"column":60}},"26":{"start":{"line":57,"column":2},"end":{"line":57,"column":95}},"27":{"start":{"line":58,"column":2},"end":{"line":58,"column":94}},"28":{"start":{"line":59,"column":2},"end":{"line":59,"column":93}},"29":{"start":{"line":61,"column":2},"end":{"line":61,"column":93}},"30":{"start":{"line":62,"column":2},"end":{"line":62,"column":97}},"31":{"start":{"line":64,"column":2},"end":{"line":64,"column":52}},"32":{"start":{"line":67,"column":2},"end":{"line":75,"column":4}},"33":{"start":{"line":76,"column":2},"end":{"line":84,"column":4}},"34":{"start":{"line":85,"column":2},"end":{"line":93,"column":4}},"35":{"start":{"line":95,"column":2},"end":{"line":95,"column":42}},"36":{"start":{"line":96,"column":2},"end":{"line":96,"column":32}},"37":{"start":{"line":97,"column":2},"end":{"line":97,"column":67}},"38":{"start":{"line":98,"column":2},"end":{"line":98,"column":52}},"39":{"start":{"line":99,"column":2},"end":{"line":99,"column":78}},"40":{"start":{"line":101,"column":2},"end":{"line":101,"column":32}},"41":{"start":{"line":104,"column":0},"end":{"line":107,"column":3}},"42":{"start":{"line":105,"column":2},"end":{"line":105,"column":37}},"43":{"start":{"line":106,"column":2},"end":{"line":106,"column":18}}},"fnMap":{"0":{"name":"seed","decl":{"start":{"line":18,"column":15},"end":{"line":18,"column":19}},"loc":{"start":{"line":18,"column":19},"end":{"line":102,"column":1}}},"1":{"name":"(anonymous_1)","decl":{"start":{"line":104,"column":13},"end":{"line":104,"column":14}},"loc":{"start":{"line":104,"column":21},"end":{"line":107,"column":1}}}},"branchMap":{"0":{"loc":{"start":{"line":13,"column":12},"end":{"line":13,"column":60}},"type":"binary-expr","locations":[{"start":{"line":13,"column":12},"end":{"line":13,"column":37}},{"start":{"line":13,"column":41},"end":{"line":13,"column":60}}]}},"s":{"0":0,"1":0,"2":0,"3":0,"4":0,"5":0,"6":0,"7":0,"8":0,"9":0,"10":0,"11":0,"12":0,"13":0,"14":0,"15":0,"16":0,"17":0,"18":0,"19":0,"20":0,"21":0,"22":0,"23":0,"24":0,"25":0,"26":0,"27":0,"28":0,"29":0,"30":0,"31":0,"32":0,"33":0,"34":0,"35":0,"36":0,"37":0,"38":0,"39":0,"40":0,"41":0,"42":0,"43":0},"f":{"0":0,"1":0},"b":{"0":[0,0]}}
,"/Users/richardchen/Documents/GitHub/Time-Off-Microservice/src/employees/employees.controller.ts": {"path":"/Users/richardchen/Documents/GitHub/Time-Off-Microservice/src/employees/employees.controller.ts","statementMap":{"0":{"start":{"line":1,"column":0},"end":{"line":1,"column":56}},"1":{"start":{"line":2,"column":0},"end":{"line":2,"column":55}},"2":{"start":{"line":5,"column":7},"end":{"line":17,"column":null}},"3":{"start":{"line":6,"column":31},"end":{"line":6,"column":49}},"4":{"start":{"line":10,"column":4},"end":{"line":10,"column":43}},"5":{"start":{"line":15,"column":4},"end":{"line":15,"column":46}},"6":{"start":{"line":5,"column":13},"end":{"line":5,"column":32}},"7":{"start":{"line":9,"column":2},"end":{"line":11,"column":null}},"8":{"start":{"line":14,"column":2},"end":{"line":16,"column":null}},"9":{"start":{"line":5,"column":13},"end":{"line":17,"column":null}}},"fnMap":{"0":{"name":"(anonymous_4)","decl":{"start":{"line":6,"column":2},"end":{"line":6,"column":31}},"loc":{"start":{"line":6,"column":65},"end":{"line":6,"column":69}}},"1":{"name":"(anonymous_5)","decl":{"start":{"line":9,"column":2},"end":{"line":9,"column":9}},"loc":{"start":{"line":9,"column":9},"end":{"line":11,"column":3}}},"2":{"name":"(anonymous_6)","decl":{"start":{"line":14,"column":2},"end":{"line":14,"column":9}},"loc":{"start":{"line":14,"column":33},"end":{"line":16,"column":3}}}},"branchMap":{},"s":{"0":4,"1":4,"2":4,"3":4,"4":0,"5":0,"6":4,"7":4,"8":4,"9":4},"f":{"0":4,"1":0,"2":0},"b":{}}
,"/Users/richardchen/Documents/GitHub/Time-Off-Microservice/src/employees/employees.module.ts": {"path":"/Users/richardchen/Documents/GitHub/Time-Off-Microservice/src/employees/employees.module.ts","statementMap":{"0":{"start":{"line":1,"column":0},"end":{"line":1,"column":40}},"1":{"start":{"line":2,"column":0},"end":{"line":2,"column":48}},"2":{"start":{"line":3,"column":0},"end":{"line":3,"column":64}},"3":{"start":{"line":4,"column":0},"end":{"line":4,"column":81}},"4":{"start":{"line":5,"column":0},"end":{"line":5,"column":64}},"5":{"start":{"line":6,"column":0},"end":{"line":6,"column":55}},"6":{"start":{"line":7,"column":0},"end":{"line":7,"column":61}},"7":{"start":{"line":15,"column":7},"end":{"line":15,"column":null}},"8":{"start":{"line":15,"column":13},"end":{"line":15,"column":28}},"9":{"start":{"line":15,"column":13},"end":{"line":15,"column":null}}},"fnMap":{},"branchMap":{},"s":{"0":4,"1":4,"2":4,"3":4,"4":4,"5":4,"6":4,"7":4,"8":4,"9":4},"f":{},"b":{}}
,"/Users/richardchen/Documents/GitHub/Time-Off-Microservice/src/employees/employees.service.ts": {"path":"/Users/richardchen/Documents/GitHub/Time-Off-Microservice/src/employees/employees.service.ts","statementMap":{"0":{"start":{"line":1,"column":0},"end":{"line":1,"column":44}},"1":{"start":{"line":2,"column":0},"end":{"line":2,"column":51}},"2":{"start":{"line":3,"column":0},"end":{"line":3,"column":37}},"3":{"start":{"line":4,"column":0},"end":{"line":4,"column":64}},"4":{"start":{"line":5,"column":0},"end":{"line":5,"column":81}},"5":{"start":{"line":6,"column":0},"end":{"line":6,"column":null}},"6":{"start":{"line":12,"column":0},"end":{"line":12,"column":64}},"7":{"start":{"line":15,"column":7},"end":{"line":95,"column":null}},"8":{"start":{"line":18,"column":21},"end":{"line":18,"column":35}},"9":{"start":{"line":20,"column":21},"end":{"line":20,"column":43}},"10":{"start":{"line":22,"column":21},"end":{"line":22,"column":35}},"11":{"start":{"line":26,"column":4},"end":{"line":26,"column":36}},"12":{"start":{"line":30,"column":21},"end":{"line":30,"column":71}},"13":{"start":{"line":31,"column":4},"end":{"line":33,"column":5}},"14":{"start":{"line":32,"column":6},"end":{"line":32,"column":46}},"15":{"start":{"line":34,"column":4},"end":{"line":34,"column":20}},"16":{"start":{"line":38,"column":21},"end":{"line":40,"column":6}},"17":{"start":{"line":41,"column":4},"end":{"line":43,"column":5}},"18":{"start":{"line":42,"column":6},"end":{"line":42,"column":54}},"19":{"start":{"line":44,"column":4},"end":{"line":46,"column":5}},"20":{"start":{"line":45,"column":6},"end":{"line":45,"column":54}},"21":{"start":{"line":47,"column":4},"end":{"line":47,"column":20}},"22":{"start":{"line":51,"column":21},"end":{"line":53,"column":6}},"23":{"start":{"line":54,"column":4},"end":{"line":56,"column":5}},"24":{"start":{"line":55,"column":6},"end":{"line":55,"column":54}},"25":{"start":{"line":57,"column":4},"end":{"line":57,"column":20}},"26":{"start":{"line":64,"column":15},"end":{"line":66,"column":6}},"27":{"start":{"line":67,"column":4},"end":{"line":69,"column":5}},"28":{"start":{"line":68,"column":6},"end":{"line":68,"column":74}},"29":{"start":{"line":70,"column":4},"end":{"line":70,"column":14}},"30":{"start":{"line":74,"column":21},"end":{"line":74,"column":63}},"31":{"start":{"line":75,"column":4},"end":{"line":75,"column":44}},"32":{"start":{"line":79,"column":21},"end":{"line":79,"column":55}},"33":{"start":{"line":80,"column":4},"end":{"line":80,"column":44}},"34":{"start":{"line":88,"column":15},"end":{"line":92,"column":6}},"35":{"start":{"line":93,"column":4},"end":{"line":93,"column":46}},"36":{"start":{"line":15,"column":13},"end":{"line":15,"column":29}},"37":{"start":{"line":15,"column":13},"end":{"line":95,"column":null}}},"fnMap":{"0":{"name":"(anonymous_4)","decl":{"start":{"line":16,"column":2},"end":{"line":16,"column":null}},"loc":{"start":{"line":22,"column":55},"end":{"line":23,"column":6}}},"1":{"name":"(anonymous_5)","decl":{"start":{"line":25,"column":2},"end":{"line":25,"column":7}},"loc":{"start":{"line":25,"column":15},"end":{"line":27,"column":3}}},"2":{"name":"(anonymous_6)","decl":{"start":{"line":29,"column":2},"end":{"line":29,"column":7}},"loc":{"start":{"line":29,"column":27},"end":{"line":35,"column":3}}},"3":{"name":"(anonymous_7)","decl":{"start":{"line":37,"column":2},"end":{"line":37,"column":7}},"loc":{"start":{"line":37,"column":49},"end":{"line":48,"column":3}}},"4":{"name":"(anonymous_8)","decl":{"start":{"line":50,"column":2},"end":{"line":50,"column":7}},"loc":{"start":{"line":50,"column":43},"end":{"line":58,"column":3}}},"5":{"name":"(anonymous_9)","decl":{"start":{"line":60,"column":2},"end":{"line":60,"column":7}},"loc":{"start":{"line":62,"column":22},"end":{"line":71,"column":3}}},"6":{"name":"(anonymous_10)","decl":{"start":{"line":73,"column":2},"end":{"line":73,"column":7}},"loc":{"start":{"line":73,"column":69},"end":{"line":76,"column":3}}},"7":{"name":"(anonymous_11)","decl":{"start":{"line":78,"column":2},"end":{"line":78,"column":7}},"loc":{"start":{"line":78,"column":35},"end":{"line":81,"column":3}}},"8":{"name":"(anonymous_12)","decl":{"start":{"line":83,"column":2},"end":{"line":83,"column":7}},"loc":{"start":{"line":86,"column":17},"end":{"line":94,"column":3}}}},"branchMap":{"0":{"loc":{"start":{"line":31,"column":4},"end":{"line":33,"column":5}},"type":"if","locations":[{"start":{"line":31,"column":4},"end":{"line":33,"column":5}}]},"1":{"loc":{"start":{"line":41,"column":4},"end":{"line":43,"column":5}},"type":"if","locations":[{"start":{"line":41,"column":4},"end":{"line":43,"column":5}}]},"2":{"loc":{"start":{"line":44,"column":4},"end":{"line":46,"column":5}},"type":"if","locations":[{"start":{"line":44,"column":4},"end":{"line":46,"column":5}}]},"3":{"loc":{"start":{"line":54,"column":4},"end":{"line":56,"column":5}},"type":"if","locations":[{"start":{"line":54,"column":4},"end":{"line":56,"column":5}}]},"4":{"loc":{"start":{"line":67,"column":4},"end":{"line":69,"column":5}},"type":"if","locations":[{"start":{"line":67,"column":4},"end":{"line":69,"column":5}}]},"5":{"loc":{"start":{"line":67,"column":8},"end":{"line":67,"column":25}},"type":"binary-expr","locations":[{"start":{"line":67,"column":8},"end":{"line":67,"column":11}},{"start":{"line":67,"column":15},"end":{"line":67,"column":25}}]},"6":{"loc":{"start":{"line":73,"column":29},"end":{"line":73,"column":69}},"type":"default-arg","locations":[{"start":{"line":73,"column":61},"end":{"line":73,"column":69}}]},"7":{"loc":{"start":{"line":86,"column":4},"end":{"line":86,"column":17}},"type":"default-arg","locations":[{"start":{"line":86,"column":13},"end":{"line":86,"column":17}}]}},"s":{"0":4,"1":4,"2":4,"3":4,"4":4,"5":4,"6":4,"7":4,"8":4,"9":4,"10":4,"11":0,"12":0,"13":0,"14":0,"15":0,"16":0,"17":0,"18":0,"19":0,"20":0,"21":0,"22":0,"23":0,"24":0,"25":0,"26":0,"27":0,"28":0,"29":0,"30":0,"31":0,"32":0,"33":0,"34":0,"35":0,"36":4,"37":4},"f":{"0":4,"1":0,"2":0,"3":0,"4":0,"5":0,"6":0,"7":0,"8":0},"b":{"0":[0],"1":[0],"2":[0],"3":[0],"4":[0],"5":[0,0],"6":[0],"7":[0]}}
,"/Users/richardchen/Documents/GitHub/Time-Off-Microservice/src/hcm-client/hcm-client.interface.ts": {"path":"/Users/richardchen/Documents/GitHub/Time-Off-Microservice/src/hcm-client/hcm-client.interface.ts","statementMap":{"0":{"start":{"line":31,"column":13},"end":{"line":31,"column":55}}},"fnMap":{},"branchMap":{},"s":{"0":4},"f":{},"b":{}}
,"/Users/richardchen/Documents/GitHub/Time-Off-Microservice/src/hcm-client/hcm-client.module.ts": {"path":"/Users/richardchen/Documents/GitHub/Time-Off-Microservice/src/hcm-client/hcm-client.module.ts","statementMap":{"0":{"start":{"line":1,"column":0},"end":{"line":1,"column":40}},"1":{"start":{"line":2,"column":0},"end":{"line":2,"column":43}},"2":{"start":{"line":3,"column":0},"end":{"line":3,"column":61}},"3":{"start":{"line":4,"column":0},"end":{"line":4,"column":56}},"4":{"start":{"line":5,"column":0},"end":{"line":5,"column":60}},"5":{"start":{"line":26,"column":7},"end":{"line":26,"column":null}},"6":{"start":{"line":26,"column":13},"end":{"line":26,"column":28}},"7":{"start":{"line":26,"column":13},"end":{"line":26,"column":null}},"8":{"start":{"line":11,"column":46},"end":{"line":13,"column":8}}},"fnMap":{"0":{"name":"(anonymous_1)","decl":{"start":{"line":11,"column":18},"end":{"line":11,"column":19}},"loc":{"start":{"line":11,"column":46},"end":{"line":13,"column":8}}}},"branchMap":{},"s":{"0":4,"1":4,"2":4,"3":4,"4":4,"5":4,"6":4,"7":4,"8":4},"f":{"0":4},"b":{}}
,"/Users/richardchen/Documents/GitHub/Time-Off-Microservice/src/hcm-client/hcm-client.service.ts": {"path":"/Users/richardchen/Documents/GitHub/Time-Off-Microservice/src/hcm-client/hcm-client.service.ts","statementMap":{"0":{"start":{"line":1,"column":0},"end":{"line":1,"column":52}},"1":{"start":{"line":2,"column":0},"end":{"line":2,"column":44}},"2":{"start":{"line":3,"column":0},"end":{"line":3,"column":47}},"3":{"start":{"line":4,"column":0},"end":{"line":4,"column":38}},"4":{"start":{"line":5,"column":0},"end":{"line":5,"column":35}},"5":{"start":{"line":12,"column":0},"end":{"line":12,"column":null}},"6":{"start":{"line":19,"column":29},"end":{"line":112,"column":null}},"7":{"start":{"line":25,"column":21},"end":{"line":25,"column":34}},"8":{"start":{"line":26,"column":21},"end":{"line":26,"column":36}},"9":{"start":{"line":20,"column":19},"end":{"line":20,"column":62}},"10":{"start":{"line":28,"column":4},"end":{"line":31,"column":6}},"11":{"start":{"line":32,"column":4},"end":{"line":32,"column":76}},"12":{"start":{"line":39,"column":4},"end":{"line":49,"column":5}},"13":{"start":{"line":40,"column":23},"end":{"line":44,"column":null}},"14":{"start":{"line":46,"column":6},"end":{"line":46,"column":56}},"15":{"start":{"line":48,"column":6},"end":{"line":48,"column":77}},"16":{"start":{"line":57,"column":4},"end":{"line":74,"column":5}},"17":{"start":{"line":58,"column":23},"end":{"line":63,"column":null}},"18":{"start":{"line":65,"column":6},"end":{"line":68,"column":8}},"19":{"start":{"line":70,"column":6},"end":{"line":73,"column":8}},"20":{"start":{"line":78,"column":4},"end":{"line":87,"column":5}},"21":{"start":{"line":79,"column":23},"end":{"line":82,"column":null}},"22":{"start":{"line":84,"column":6},"end":{"line":84,"column":27}},"23":{"start":{"line":86,"column":6},"end":{"line":86,"column":55}},"24":{"start":{"line":91,"column":4},"end":{"line":109,"column":5}},"25":{"start":{"line":92,"column":19},"end":{"line":92,"column":27}},"26":{"start":{"line":93,"column":6},"end":{"line":100,"column":7}},"27":{"start":{"line":98,"column":8},"end":{"line":98,"column":60}},"28":{"start":{"line":99,"column":8},"end":{"line":99,"column":45}},"29":{"start":{"line":101,"column":21},"end":{"line":101,"column":41}},"30":{"start":{"line":102,"column":6},"end":{"line":104,"column":7}},"31":{"start":{"line":103,"column":8},"end":{"line":103,"column":46}},"32":{"start":{"line":105,"column":6},"end":{"line":107,"column":7}},"33":{"start":{"line":106,"column":8},"end":{"line":106,"column":85}},"34":{"start":{"line":108,"column":6},"end":{"line":108,"column":57}},"35":{"start":{"line":110,"column":4},"end":{"line":110,"column":14}},"36":{"start":{"line":19,"column":13},"end":{"line":19,"column":29}},"37":{"start":{"line":19,"column":13},"end":{"line":112,"column":null}}},"fnMap":{"0":{"name":"(anonymous_2)","decl":{"start":{"line":24,"column":2},"end":{"line":24,"column":null}},"loc":{"start":{"line":26,"column":49},"end":{"line":33,"column":3}}},"1":{"name":"(anonymous_3)","decl":{"start":{"line":35,"column":2},"end":{"line":35,"column":7}},"loc":{"start":{"line":37,"column":22},"end":{"line":50,"column":3}}},"2":{"name":"(anonymous_4)","decl":{"start":{"line":52,"column":2},"end":{"line":52,"column":7}},"loc":{"start":{"line":55,"column":16},"end":{"line":75,"column":3}}},"3":{"name":"(anonymous_5)","decl":{"start":{"line":77,"column":2},"end":{"line":77,"column":7}},"loc":{"start":{"line":77,"column":24},"end":{"line":88,"column":3}}},"4":{"name":"(anonymous_6)","decl":{"start":{"line":90,"column":10},"end":{"line":90,"column":26}},"loc":{"start":{"line":90,"column":58},"end":{"line":111,"column":3}}}},"branchMap":{"0":{"loc":{"start":{"line":66,"column":23},"end":{"line":66,"column":58}},"type":"binary-expr","locations":[{"start":{"line":66,"column":23},"end":{"line":66,"column":50}},{"start":{"line":66,"column":54},"end":{"line":66,"column":58}}]},"1":{"loc":{"start":{"line":67,"column":17},"end":{"line":67,"column":46}},"type":"binary-expr","locations":[{"start":{"line":67,"column":17},"end":{"line":67,"column":38}},{"start":{"line":67,"column":42},"end":{"line":67,"column":46}}]},"2":{"loc":{"start":{"line":91,"column":4},"end":{"line":109,"column":5}},"type":"if","locations":[{"start":{"line":91,"column":4},"end":{"line":109,"column":5}}]},"3":{"loc":{"start":{"line":93,"column":6},"end":{"line":100,"column":7}},"type":"if","locations":[{"start":{"line":93,"column":6},"end":{"line":100,"column":7}}]},"4":{"loc":{"start":{"line":94,"column":8},"end":{"line":96,"column":40}},"type":"binary-expr","locations":[{"start":{"line":94,"column":8},"end":{"line":94,"column":31}},{"start":{"line":95,"column":8},"end":{"line":95,"column":28}},{"start":{"line":96,"column":8},"end":{"line":96,"column":40}}]},"5":{"loc":{"start":{"line":102,"column":6},"end":{"line":104,"column":7}},"type":"if","locations":[{"start":{"line":102,"column":6},"end":{"line":104,"column":7}}]},"6":{"loc":{"start":{"line":105,"column":6},"end":{"line":107,"column":7}},"type":"if","locations":[{"start":{"line":105,"column":6},"end":{"line":107,"column":7}}]},"7":{"loc":{"start":{"line":105,"column":10},"end":{"line":105,"column":33}},"type":"binary-expr","locations":[{"start":{"line":105,"column":10},"end":{"line":105,"column":16}},{"start":{"line":105,"column":20},"end":{"line":105,"column":33}}]},"8":{"loc":{"start":{"line":106,"column":41},"end":{"line":106,"column":83}},"type":"binary-expr","locations":[{"start":{"line":106,"column":41},"end":{"line":106,"column":68}},{"start":{"line":106,"column":72},"end":{"line":106,"column":83}}]},"9":{"loc":{"start":{"line":108,"column":31},"end":{"line":108,"column":42}},"type":"binary-expr","locations":[{"start":{"line":108,"column":31},"end":{"line":108,"column":37}},{"start":{"line":108,"column":41},"end":{"line":108,"column":42}}]}},"s":{"0":8,"1":8,"2":8,"3":8,"4":8,"5":8,"6":8,"7":11,"8":11,"9":11,"10":11,"11":11,"12":6,"13":6,"14":1,"15":5,"16":3,"17":3,"18":2,"19":1,"20":2,"21":2,"22":1,"23":1,"24":7,"25":7,"26":7,"27":4,"28":4,"29":3,"30":3,"31":1,"32":2,"33":2,"34":0,"35":0,"36":8,"37":8},"f":{"0":11,"1":6,"2":3,"3":2,"4":7},"b":{"0":[2,1],"1":[2,0],"2":[7],"3":[4],"4":[7,5,4],"5":[1],"6":[2],"7":[2,2],"8":[2,0],"9":[0,0]}}
,"/Users/richardchen/Documents/GitHub/Time-Off-Microservice/src/locations/locations.controller.ts": {"path":"/Users/richardchen/Documents/GitHub/Time-Off-Microservice/src/locations/locations.controller.ts","statementMap":{"0":{"start":{"line":1,"column":0},"end":{"line":1,"column":56}},"1":{"start":{"line":2,"column":0},"end":{"line":2,"column":55}},"2":{"start":{"line":5,"column":7},"end":{"line":17,"column":null}},"3":{"start":{"line":6,"column":31},"end":{"line":6,"column":49}},"4":{"start":{"line":10,"column":4},"end":{"line":10,"column":43}},"5":{"start":{"line":15,"column":4},"end":{"line":15,"column":46}},"6":{"start":{"line":5,"column":13},"end":{"line":5,"column":32}},"7":{"start":{"line":9,"column":2},"end":{"line":11,"column":null}},"8":{"start":{"line":14,"column":2},"end":{"line":16,"column":null}},"9":{"start":{"line":5,"column":13},"end":{"line":17,"column":null}}},"fnMap":{"0":{"name":"(anonymous_4)","decl":{"start":{"line":6,"column":2},"end":{"line":6,"column":31}},"loc":{"start":{"line":6,"column":65},"end":{"line":6,"column":69}}},"1":{"name":"(anonymous_5)","decl":{"start":{"line":9,"column":2},"end":{"line":9,"column":9}},"loc":{"start":{"line":9,"column":9},"end":{"line":11,"column":3}}},"2":{"name":"(anonymous_6)","decl":{"start":{"line":14,"column":2},"end":{"line":14,"column":9}},"loc":{"start":{"line":14,"column":33},"end":{"line":16,"column":3}}}},"branchMap":{},"s":{"0":4,"1":4,"2":4,"3":4,"4":0,"5":0,"6":4,"7":4,"8":4,"9":4},"f":{"0":4,"1":0,"2":0},"b":{}}
,"/Users/richardchen/Documents/GitHub/Time-Off-Microservice/src/locations/locations.module.ts": {"path":"/Users/richardchen/Documents/GitHub/Time-Off-Microservice/src/locations/locations.module.ts","statementMap":{"0":{"start":{"line":1,"column":0},"end":{"line":1,"column":40}},"1":{"start":{"line":2,"column":0},"end":{"line":2,"column":48}},"2":{"start":{"line":3,"column":0},"end":{"line":3,"column":64}},"3":{"start":{"line":4,"column":0},"end":{"line":4,"column":55}},"4":{"start":{"line":5,"column":0},"end":{"line":5,"column":61}},"5":{"start":{"line":13,"column":7},"end":{"line":13,"column":null}},"6":{"start":{"line":13,"column":13},"end":{"line":13,"column":28}},"7":{"start":{"line":13,"column":13},"end":{"line":13,"column":null}}},"fnMap":{},"branchMap":{},"s":{"0":4,"1":4,"2":4,"3":4,"4":4,"5":4,"6":4,"7":4},"f":{},"b":{}}
,"/Users/richardchen/Documents/GitHub/Time-Off-Microservice/src/locations/locations.service.ts": {"path":"/Users/richardchen/Documents/GitHub/Time-Off-Microservice/src/locations/locations.service.ts","statementMap":{"0":{"start":{"line":1,"column":0},"end":{"line":1,"column":44}},"1":{"start":{"line":2,"column":0},"end":{"line":2,"column":51}},"2":{"start":{"line":3,"column":0},"end":{"line":3,"column":37}},"3":{"start":{"line":4,"column":0},"end":{"line":4,"column":64}},"4":{"start":{"line":5,"column":0},"end":{"line":5,"column":65}},"5":{"start":{"line":8,"column":7},"end":{"line":25,"column":null}},"6":{"start":{"line":11,"column":21},"end":{"line":11,"column":35}},"7":{"start":{"line":15,"column":4},"end":{"line":15,"column":36}},"8":{"start":{"line":19,"column":21},"end":{"line":19,"column":71}},"9":{"start":{"line":20,"column":4},"end":{"line":22,"column":5}},"10":{"start":{"line":21,"column":6},"end":{"line":21,"column":46}},"11":{"start":{"line":23,"column":4},"end":{"line":23,"column":20}},"12":{"start":{"line":8,"column":13},"end":{"line":8,"column":29}},"13":{"start":{"line":8,"column":13},"end":{"line":25,"column":null}}},"fnMap":{"0":{"name":"(anonymous_4)","decl":{"start":{"line":9,"column":2},"end":{"line":9,"column":null}},"loc":{"start":{"line":11,"column":55},"end":{"line":12,"column":6}}},"1":{"name":"(anonymous_5)","decl":{"start":{"line":14,"column":2},"end":{"line":14,"column":7}},"loc":{"start":{"line":14,"column":15},"end":{"line":16,"column":3}}},"2":{"name":"(anonymous_6)","decl":{"start":{"line":18,"column":2},"end":{"line":18,"column":7}},"loc":{"start":{"line":18,"column":27},"end":{"line":24,"column":3}}}},"branchMap":{"0":{"loc":{"start":{"line":20,"column":4},"end":{"line":22,"column":5}},"type":"if","locations":[{"start":{"line":20,"column":4},"end":{"line":22,"column":5}}]}},"s":{"0":4,"1":4,"2":4,"3":4,"4":4,"5":4,"6":4,"7":0,"8":0,"9":0,"10":0,"11":0,"12":4,"13":4},"f":{"0":4,"1":0,"2":0},"b":{"0":[0]}}
,"/Users/richardchen/Documents/GitHub/Time-Off-Microservice/src/mock-hcm/mock-hcm-store.ts": {"path":"/Users/richardchen/Documents/GitHub/Time-Off-Microservice/src/mock-hcm/mock-hcm-store.ts","statementMap":{"0":{"start":{"line":1,"column":0},"end":{"line":1,"column":44}},"1":{"start":{"line":17,"column":7},"end":{"line":92,"column":null}},"2":{"start":{"line":18,"column":10},"end":{"line":18,"column":52}},"3":{"start":{"line":19,"column":10},"end":{"line":19,"column":39}},"4":{"start":{"line":20,"column":10},"end":{"line":20,"column":24}},"5":{"start":{"line":23,"column":4},"end":{"line":23,"column":41}},"6":{"start":{"line":27,"column":4},"end":{"line":27,"column":63}},"7":{"start":{"line":31,"column":4},"end":{"line":31,"column":62}},"8":{"start":{"line":39,"column":14},"end":{"line":39,"column":46}},"9":{"start":{"line":40,"column":20},"end":{"line":40,"column":40}},"10":{"start":{"line":42,"column":4},"end":{"line":44,"column":5}},"11":{"start":{"line":43,"column":6},"end":{"line":43,"column":60}},"12":{"start":{"line":46,"column":4},"end":{"line":51,"column":5}},"13":{"start":{"line":48,"column":6},"end":{"line":48,"column":43}},"14":{"start":{"line":49,"column":6},"end":{"line":49,"column":23}},"15":{"start":{"line":50,"column":6},"end":{"line":50,"column":70}},"16":{"start":{"line":53,"column":4},"end":{"line":55,"column":5}},"17":{"start":{"line":54,"column":6},"end":{"line":54,"column":63}},"18":{"start":{"line":57,"column":4},"end":{"line":57,"column":66}},"19":{"start":{"line":58,"column":4},"end":{"line":58,"column":21}},"20":{"start":{"line":59,"column":4},"end":{"line":59,"column":68}},"21":{"start":{"line":71,"column":9},"end":{"line":71,"column":11}},"22":{"start":{"line":72,"column":4},"end":{"line":75,"column":5}},"23":{"start":{"line":73,"column":39},"end":{"line":73,"column":51}},"24":{"start":{"line":74,"column":6},"end":{"line":74,"column":62}},"25":{"start":{"line":76,"column":4},"end":{"line":76,"column":18}},"26":{"start":{"line":80,"column":4},"end":{"line":80,"column":21}},"27":{"start":{"line":84,"column":4},"end":{"line":84,"column":21}},"28":{"start":{"line":88,"column":4},"end":{"line":88,"column":26}},"29":{"start":{"line":89,"column":4},"end":{"line":89,"column":25}},"30":{"start":{"line":90,"column":4},"end":{"line":90,"column":23}},"31":{"start":{"line":17,"column":13},"end":{"line":17,"column":25}},"32":{"start":{"line":17,"column":13},"end":{"line":92,"column":null}}},"fnMap":{"0":{"name":"(anonymous_1)","decl":{"start":{"line":17,"column":7},"end":{"line":17,"column":13}},"loc":{"start":{"line":17,"column":7},"end":{"line":92,"column":1}}},"1":{"name":"(anonymous_2)","decl":{"start":{"line":22,"column":10},"end":{"line":22,"column":13}},"loc":{"start":{"line":22,"column":52},"end":{"line":24,"column":3}}},"2":{"name":"(anonymous_3)","decl":{"start":{"line":26,"column":2},"end":{"line":26,"column":12}},"loc":{"start":{"line":26,"column":51},"end":{"line":28,"column":3}}},"3":{"name":"(anonymous_4)","decl":{"start":{"line":30,"column":2},"end":{"line":30,"column":12}},"loc":{"start":{"line":30,"column":65},"end":{"line":32,"column":3}}},"4":{"name":"(anonymous_5)","decl":{"start":{"line":34,"column":2},"end":{"line":34,"column":15}},"loc":{"start":{"line":37,"column":16},"end":{"line":60,"column":3}}},"5":{"name":"(anonymous_6)","decl":{"start":{"line":62,"column":2},"end":{"line":62,"column":16}},"loc":{"start":{"line":62,"column":16},"end":{"line":77,"column":3}}},"6":{"name":"(anonymous_7)","decl":{"start":{"line":79,"column":2},"end":{"line":79,"column":9}},"loc":{"start":{"line":79,"column":27},"end":{"line":81,"column":3}}},"7":{"name":"(anonymous_8)","decl":{"start":{"line":83,"column":2},"end":{"line":83,"column":9}},"loc":{"start":{"line":83,"column":9},"end":{"line":85,"column":3}}},"8":{"name":"(anonymous_9)","decl":{"start":{"line":87,"column":2},"end":{"line":87,"column":7}},"loc":{"start":{"line":87,"column":7},"end":{"line":91,"column":3}}}},"branchMap":{"0":{"loc":{"start":{"line":42,"column":4},"end":{"line":44,"column":5}},"type":"if","locations":[{"start":{"line":42,"column":4},"end":{"line":44,"column":5}}]},"1":{"loc":{"start":{"line":46,"column":4},"end":{"line":51,"column":5}},"type":"if","locations":[{"start":{"line":46,"column":4},"end":{"line":51,"column":5}}]},"2":{"loc":{"start":{"line":53,"column":4},"end":{"line":55,"column":5}},"type":"if","locations":[{"start":{"line":53,"column":4},"end":{"line":55,"column":5}}]}},"s":{"0":4,"1":4,"2":4,"3":4,"4":4,"5":165,"6":28,"7":122,"8":15,"9":15,"10":15,"11":0,"12":15,"13":0,"14":0,"15":0,"16":15,"17":0,"18":15,"19":15,"20":15,"21":0,"22":0,"23":0,"24":0,"25":0,"26":5,"27":49,"28":57,"29":57,"30":57,"31":4,"32":4},"f":{"0":4,"1":165,"2":28,"3":122,"4":15,"5":0,"6":5,"7":49,"8":57},"b":{"0":[0],"1":[0],"2":[0]}}
,"/Users/richardchen/Documents/GitHub/Time-Off-Microservice/src/mock-hcm/mock-hcm.controller.ts": {"path":"/Users/richardchen/Documents/GitHub/Time-Off-Microservice/src/mock-hcm/mock-hcm.controller.ts","statementMap":{"0":{"start":{"line":1,"column":0},"end":{"line":1,"column":null}},"1":{"start":{"line":11,"column":0},"end":{"line":11,"column":52}},"2":{"start":{"line":14,"column":7},"end":{"line":67,"column":null}},"3":{"start":{"line":15,"column":31},"end":{"line":15,"column":47}},"4":{"start":{"line":19,"column":4},"end":{"line":19,"column":50}},"5":{"start":{"line":27,"column":4},"end":{"line":27,"column":66}},"6":{"start":{"line":36,"column":4},"end":{"line":40,"column":6}},"7":{"start":{"line":49,"column":4},"end":{"line":53,"column":6}},"8":{"start":{"line":59,"column":4},"end":{"line":59,"column":57}},"9":{"start":{"line":65,"column":4},"end":{"line":65,"column":39}},"10":{"start":{"line":14,"column":13},"end":{"line":14,"column":30}},"11":{"start":{"line":18,"column":2},"end":{"line":20,"column":null}},"12":{"start":{"line":23,"column":2},"end":{"line":28,"column":null}},"13":{"start":{"line":32,"column":2},"end":{"line":41,"column":null}},"14":{"start":{"line":45,"column":2},"end":{"line":54,"column":null}},"15":{"start":{"line":58,"column":2},"end":{"line":60,"column":null}},"16":{"start":{"line":64,"column":2},"end":{"line":66,"column":null}},"17":{"start":{"line":14,"column":13},"end":{"line":67,"column":null}}},"fnMap":{"0":{"name":"(anonymous_4)","decl":{"start":{"line":15,"column":2},"end":{"line":15,"column":31}},"loc":{"start":{"line":15,"column":61},"end":{"line":15,"column":65}}},"1":{"name":"(anonymous_5)","decl":{"start":{"line":18,"column":2},"end":{"line":18,"column":18}},"loc":{"start":{"line":18,"column":18},"end":{"line":20,"column":3}}},"2":{"name":"(anonymous_6)","decl":{"start":{"line":23,"column":2},"end":{"line":23,"column":12}},"loc":{"start":{"line":25,"column":43},"end":{"line":28,"column":3}}},"3":{"name":"(anonymous_7)","decl":{"start":{"line":32,"column":2},"end":{"line":32,"column":15}},"loc":{"start":{"line":34,"column":66},"end":{"line":41,"column":3}}},"4":{"name":"(anonymous_8)","decl":{"start":{"line":45,"column":2},"end":{"line":45,"column":12}},"loc":{"start":{"line":47,"column":73},"end":{"line":54,"column":3}}},"5":{"name":"(anonymous_9)","decl":{"start":{"line":58,"column":2},"end":{"line":58,"column":9}},"loc":{"start":{"line":58,"column":40},"end":{"line":60,"column":3}}},"6":{"name":"(anonymous_10)","decl":{"start":{"line":64,"column":2},"end":{"line":64,"column":7}},"loc":{"start":{"line":64,"column":7},"end":{"line":66,"column":3}}}},"branchMap":{},"s":{"0":0,"1":0,"2":0,"3":0,"4":0,"5":0,"6":0,"7":0,"8":0,"9":0,"10":0,"11":0,"12":0,"13":0,"14":0,"15":0,"16":0,"17":0},"f":{"0":0,"1":0,"2":0,"3":0,"4":0,"5":0,"6":0},"b":{}}
,"/Users/richardchen/Documents/GitHub/Time-Off-Microservice/src/mock-hcm/mock-hcm.main.ts": {"path":"/Users/richardchen/Documents/GitHub/Time-Off-Microservice/src/mock-hcm/mock-hcm.main.ts","statementMap":{"0":{"start":{"line":1,"column":0},"end":{"line":1,"column":43}},"1":{"start":{"line":2,"column":0},"end":{"line":2,"column":40}},"2":{"start":{"line":3,"column":0},"end":{"line":3,"column":50}},"3":{"start":{"line":6,"column":0},"end":{"line":6,"column":null}},"4":{"start":{"line":6,"column":6},"end":{"line":6,"column":null}},"5":{"start":{"line":9,"column":14},"end":{"line":9,"column":94}},"6":{"start":{"line":10,"column":15},"end":{"line":10,"column":48}},"7":{"start":{"line":11,"column":2},"end":{"line":11,"column":25}},"8":{"start":{"line":12,"column":2},"end":{"line":12,"column":69}},"9":{"start":{"line":13,"column":2},"end":{"line":13,"column":44}},"10":{"start":{"line":14,"column":2},"end":{"line":14,"column":62}},"11":{"start":{"line":15,"column":2},"end":{"line":15,"column":38}},"12":{"start":{"line":16,"column":2},"end":{"line":16,"column":69}},"13":{"start":{"line":17,"column":2},"end":{"line":17,"column":96}},"14":{"start":{"line":18,"column":2},"end":{"line":18,"column":41}},"15":{"start":{"line":21,"column":0},"end":{"line":21,"column":12}}},"fnMap":{"0":{"name":"bootstrap","decl":{"start":{"line":8,"column":15},"end":{"line":8,"column":24}},"loc":{"start":{"line":8,"column":24},"end":{"line":19,"column":1}}}},"branchMap":{"0":{"loc":{"start":{"line":10,"column":15},"end":{"line":10,"column":48}},"type":"binary-expr","locations":[{"start":{"line":10,"column":15},"end":{"line":10,"column":40}},{"start":{"line":10,"column":44},"end":{"line":10,"column":48}}]}},"s":{"0":0,"1":0,"2":0,"3":0,"4":0,"5":0,"6":0,"7":0,"8":0,"9":0,"10":0,"11":0,"12":0,"13":0,"14":0,"15":0},"f":{"0":0},"b":{"0":[0,0]}}
,"/Users/richardchen/Documents/GitHub/Time-Off-Microservice/src/mock-hcm/mock-hcm.module.ts": {"path":"/Users/richardchen/Documents/GitHub/Time-Off-Microservice/src/mock-hcm/mock-hcm.module.ts","statementMap":{"0":{"start":{"line":1,"column":0},"end":{"line":1,"column":40}},"1":{"start":{"line":2,"column":0},"end":{"line":2,"column":58}},"2":{"start":{"line":3,"column":0},"end":{"line":3,"column":52}},"3":{"start":{"line":4,"column":0},"end":{"line":4,"column":48}},"4":{"start":{"line":11,"column":7},"end":{"line":11,"column":null}},"5":{"start":{"line":11,"column":13},"end":{"line":11,"column":26}},"6":{"start":{"line":11,"column":13},"end":{"line":11,"column":null}}},"fnMap":{},"branchMap":{},"s":{"0":0,"1":0,"2":0,"3":0,"4":0,"5":0,"6":0},"f":{},"b":{}}
,"/Users/richardchen/Documents/GitHub/Time-Off-Microservice/src/mock-hcm/mock-hcm.service.ts": {"path":"/Users/richardchen/Documents/GitHub/Time-Off-Microservice/src/mock-hcm/mock-hcm.service.ts","statementMap":{"0":{"start":{"line":1,"column":0},"end":{"line":1,"column":63}},"1":{"start":{"line":2,"column":0},"end":{"line":2,"column":61}},"2":{"start":{"line":4,"column":25},"end":{"line":4,"column":28}},"3":{"start":{"line":7,"column":7},"end":{"line":83,"column":null}},"4":{"start":{"line":8,"column":31},"end":{"line":8,"column":38}},"5":{"start":{"line":11,"column":17},"end":{"line":11,"column":37}},"6":{"start":{"line":12,"column":4},"end":{"line":14,"column":5}},"7":{"start":{"line":13,"column":6},"end":{"line":13,"column":76}},"8":{"start":{"line":13,"column":37},"end":{"line":13,"column":74}},"9":{"start":{"line":18,"column":4},"end":{"line":20,"column":5}},"10":{"start":{"line":19,"column":6},"end":{"line":19,"column":62}},"11":{"start":{"line":27,"column":4},"end":{"line":27,"column":32}},"12":{"start":{"line":28,"column":4},"end":{"line":28,"column":28}},"13":{"start":{"line":30,"column":20},"end":{"line":30,"column":65}},"14":{"start":{"line":31,"column":4},"end":{"line":35,"column":5}},"15":{"start":{"line":32,"column":6},"end":{"line":34,"column":8}},"16":{"start":{"line":37,"column":4},"end":{"line":40,"column":5}},"17":{"start":{"line":39,"column":6},"end":{"line":39,"column":38}},"18":{"start":{"line":42,"column":4},"end":{"line":42,"column":36}},"19":{"start":{"line":50,"column":4},"end":{"line":50,"column":32}},"20":{"start":{"line":51,"column":4},"end":{"line":51,"column":28}},"21":{"start":{"line":53,"column":19},"end":{"line":53,"column":73}},"22":{"start":{"line":54,"column":4},"end":{"line":54,"column":18}},"23":{"start":{"line":62,"column":4},"end":{"line":62,"column":39}},"24":{"start":{"line":70,"column":4},"end":{"line":70,"column":63}},"25":{"start":{"line":71,"column":4},"end":{"line":71,"column":29}},"26":{"start":{"line":75,"column":4},"end":{"line":75,"column":29}},"27":{"start":{"line":76,"column":4},"end":{"line":76,"column":20}},"28":{"start":{"line":80,"column":4},"end":{"line":80,"column":23}},"29":{"start":{"line":81,"column":4},"end":{"line":81,"column":29}},"30":{"start":{"line":7,"column":13},"end":{"line":7,"column":27}},"31":{"start":{"line":7,"column":13},"end":{"line":83,"column":null}}},"fnMap":{"0":{"name":"(anonymous_2)","decl":{"start":{"line":8,"column":2},"end":{"line":8,"column":31}},"loc":{"start":{"line":8,"column":50},"end":{"line":8,"column":54}}},"1":{"name":"(anonymous_3)","decl":{"start":{"line":10,"column":10},"end":{"line":10,"column":15}},"loc":{"start":{"line":10,"column":30},"end":{"line":15,"column":3}}},"2":{"name":"(anonymous_4)","decl":{"start":{"line":13,"column":24},"end":{"line":13,"column":25}},"loc":{"start":{"line":13,"column":37},"end":{"line":13,"column":74}}},"3":{"name":"(anonymous_5)","decl":{"start":{"line":17,"column":10},"end":{"line":17,"column":26}},"loc":{"start":{"line":17,"column":26},"end":{"line":21,"column":3}}},"4":{"name":"(anonymous_6)","decl":{"start":{"line":23,"column":2},"end":{"line":23,"column":7}},"loc":{"start":{"line":25,"column":22},"end":{"line":43,"column":3}}},"5":{"name":"(anonymous_7)","decl":{"start":{"line":45,"column":2},"end":{"line":45,"column":7}},"loc":{"start":{"line":48,"column":16},"end":{"line":55,"column":3}}},"6":{"name":"(anonymous_8)","decl":{"start":{"line":57,"column":2},"end":{"line":57,"column":18}},"loc":{"start":{"line":57,"column":18},"end":{"line":63,"column":3}}},"7":{"name":"(anonymous_9)","decl":{"start":{"line":65,"column":2},"end":{"line":65,"column":12}},"loc":{"start":{"line":68,"column":23},"end":{"line":72,"column":3}}},"8":{"name":"(anonymous_10)","decl":{"start":{"line":74,"column":2},"end":{"line":74,"column":9}},"loc":{"start":{"line":74,"column":27},"end":{"line":77,"column":3}}},"9":{"name":"(anonymous_11)","decl":{"start":{"line":79,"column":2},"end":{"line":79,"column":7}},"loc":{"start":{"line":79,"column":7},"end":{"line":82,"column":3}}}},"branchMap":{"0":{"loc":{"start":{"line":12,"column":4},"end":{"line":14,"column":5}},"type":"if","locations":[{"start":{"line":12,"column":4},"end":{"line":14,"column":5}}]},"1":{"loc":{"start":{"line":18,"column":4},"end":{"line":20,"column":5}},"type":"if","locations":[{"start":{"line":18,"column":4},"end":{"line":20,"column":5}}]},"2":{"loc":{"start":{"line":31,"column":4},"end":{"line":35,"column":5}},"type":"if","locations":[{"start":{"line":31,"column":4},"end":{"line":35,"column":5}}]},"3":{"loc":{"start":{"line":37,"column":4},"end":{"line":40,"column":5}},"type":"if","locations":[{"start":{"line":37,"column":4},"end":{"line":40,"column":5}}]}},"s":{"0":0,"1":0,"2":0,"3":0,"4":0,"5":0,"6":0,"7":0,"8":0,"9":0,"10":0,"11":0,"12":0,"13":0,"14":0,"15":0,"16":0,"17":0,"18":0,"19":0,"20":0,"21":0,"22":0,"23":0,"24":0,"25":0,"26":0,"27":0,"28":0,"29":0,"30":0,"31":0},"f":{"0":0,"1":0,"2":0,"3":0,"4":0,"5":0,"6":0,"7":0,"8":0,"9":0},"b":{"0":[0],"1":[0],"2":[0],"3":[0]}}
,"/Users/richardchen/Documents/GitHub/Time-Off-Microservice/src/sync/sync.controller.ts": {"path":"/Users/richardchen/Documents/GitHub/Time-Off-Microservice/src/sync/sync.controller.ts","statementMap":{"0":{"start":{"line":1,"column":0},"end":{"line":1,"column":null}},"1":{"start":{"line":9,"column":0},"end":{"line":9,"column":62}},"2":{"start":{"line":12,"column":7},"end":{"line":29,"column":null}},"3":{"start":{"line":13,"column":31},"end":{"line":13,"column":44}},"4":{"start":{"line":18,"column":4},"end":{"line":18,"column":47}},"5":{"start":{"line":27,"column":4},"end":{"line":27,"column":62}},"6":{"start":{"line":12,"column":13},"end":{"line":12,"column":27}},"7":{"start":{"line":17,"column":2},"end":{"line":19,"column":null}},"8":{"start":{"line":23,"column":2},"end":{"line":28,"column":null}},"9":{"start":{"line":12,"column":13},"end":{"line":29,"column":null}}},"fnMap":{"0":{"name":"(anonymous_4)","decl":{"start":{"line":13,"column":2},"end":{"line":13,"column":31}},"loc":{"start":{"line":13,"column":55},"end":{"line":13,"column":59}}},"1":{"name":"(anonymous_5)","decl":{"start":{"line":17,"column":2},"end":{"line":17,"column":11}},"loc":{"start":{"line":17,"column":46},"end":{"line":19,"column":3}}},"2":{"name":"(anonymous_6)","decl":{"start":{"line":23,"column":2},"end":{"line":23,"column":11}},"loc":{"start":{"line":25,"column":43},"end":{"line":28,"column":3}}}},"branchMap":{},"s":{"0":4,"1":4,"2":4,"3":4,"4":13,"5":6,"6":4,"7":4,"8":4,"9":4},"f":{"0":4,"1":13,"2":6},"b":{}}
,"/Users/richardchen/Documents/GitHub/Time-Off-Microservice/src/sync/sync.module.ts": {"path":"/Users/richardchen/Documents/GitHub/Time-Off-Microservice/src/sync/sync.module.ts","statementMap":{"0":{"start":{"line":1,"column":0},"end":{"line":1,"column":40}},"1":{"start":{"line":2,"column":0},"end":{"line":2,"column":48}},"2":{"start":{"line":3,"column":0},"end":{"line":3,"column":78}},"3":{"start":{"line":4,"column":0},"end":{"line":4,"column":45}},"4":{"start":{"line":5,"column":0},"end":{"line":5,"column":51}},"5":{"start":{"line":6,"column":0},"end":{"line":6,"column":66}},"6":{"start":{"line":14,"column":7},"end":{"line":14,"column":null}},"7":{"start":{"line":14,"column":13},"end":{"line":14,"column":23}},"8":{"start":{"line":14,"column":13},"end":{"line":14,"column":null}}},"fnMap":{},"branchMap":{},"s":{"0":4,"1":4,"2":4,"3":4,"4":4,"5":4,"6":4,"7":4,"8":4},"f":{},"b":{}}
,"/Users/richardchen/Documents/GitHub/Time-Off-Microservice/src/sync/sync.service.ts": {"path":"/Users/richardchen/Documents/GitHub/Time-Off-Microservice/src/sync/sync.service.ts","statementMap":{"0":{"start":{"line":1,"column":0},"end":{"line":1,"column":52}},"1":{"start":{"line":2,"column":0},"end":{"line":2,"column":51}},"2":{"start":{"line":3,"column":0},"end":{"line":3,"column":49}},"3":{"start":{"line":4,"column":0},"end":{"line":4,"column":78}},"4":{"start":{"line":5,"column":0},"end":{"line":5,"column":68}},"5":{"start":{"line":22,"column":24},"end":{"line":147,"column":null}},"6":{"start":{"line":27,"column":21},"end":{"line":27,"column":34}},"7":{"start":{"line":28,"column":21},"end":{"line":28,"column":32}},"8":{"start":{"line":29,"column":21},"end":{"line":29,"column":33}},"9":{"start":{"line":23,"column":19},"end":{"line":23,"column":57}},"10":{"start":{"line":33,"column":18},"end":{"line":33,"column":19}},"11":{"start":{"line":34,"column":19},"end":{"line":34,"column":20}},"12":{"start":{"line":35,"column":18},"end":{"line":35,"column":19}},"13":{"start":{"line":36,"column":22},"end":{"line":36,"column":23}},"14":{"start":{"line":38,"column":4},"end":{"line":105,"column":7}},"15":{"start":{"line":39,"column":28},"end":{"line":39,"column":65}},"16":{"start":{"line":42,"column":6},"end":{"line":46,"column":19}},"17":{"start":{"line":49,"column":19},"end":{"line":49,"column":53}},"18":{"start":{"line":50,"column":34},"end":{"line":50,"column":36}},"19":{"start":{"line":52,"column":6},"end":{"line":61,"column":7}},"20":{"start":{"line":53,"column":20},"end":{"line":53,"column":59}},"21":{"start":{"line":54,"column":8},"end":{"line":59,"column":9}},"22":{"start":{"line":55,"column":10},"end":{"line":55,"column":30}},"23":{"start":{"line":56,"column":10},"end":{"line":58,"column":12}},"24":{"start":{"line":60,"column":8},"end":{"line":60,"column":28}},"25":{"start":{"line":63,"column":6},"end":{"line":65,"column":7}},"26":{"start":{"line":64,"column":8},"end":{"line":64,"column":36}},"27":{"start":{"line":68,"column":6},"end":{"line":104,"column":7}},"28":{"start":{"line":70,"column":8},"end":{"line":76,"column":9}},"29":{"start":{"line":71,"column":10},"end":{"line":73,"column":12}},"30":{"start":{"line":74,"column":10},"end":{"line":74,"column":24}},"31":{"start":{"line":75,"column":10},"end":{"line":75,"column":19}},"32":{"start":{"line":78,"column":25},"end":{"line":83,"column":10}},"33":{"start":{"line":85,"column":8},"end":{"line":103,"column":9}},"34":{"start":{"line":86,"column":10},"end":{"line":86,"column":73}},"35":{"start":{"line":87,"column":10},"end":{"line":87,"column":40}},"36":{"start":{"line":88,"column":10},"end":{"line":88,"column":45}},"37":{"start":{"line":89,"column":10},"end":{"line":89,"column":50}},"38":{"start":{"line":90,"column":10},"end":{"line":90,"column":45}},"39":{"start":{"line":91,"column":10},"end":{"line":91,"column":20}},"40":{"start":{"line":93,"column":29},"end":{"line":100,"column":12}},"41":{"start":{"line":101,"column":10},"end":{"line":101,"column":47}},"42":{"start":{"line":102,"column":10},"end":{"line":102,"column":21}},"43":{"start":{"line":108,"column":25},"end":{"line":110,"column":6}},"44":{"start":{"line":112,"column":4},"end":{"line":114,"column":6}},"45":{"start":{"line":116,"column":4},"end":{"line":116,"column":69}},"46":{"start":{"line":123,"column":23},"end":{"line":123,"column":78}},"47":{"start":{"line":125,"column":18},"end":{"line":127,"column":6}},"48":{"start":{"line":129,"column":4},"end":{"line":143,"column":5}},"49":{"start":{"line":130,"column":6},"end":{"line":130,"column":74}},"50":{"start":{"line":131,"column":6},"end":{"line":131,"column":38}},"51":{"start":{"line":132,"column":6},"end":{"line":132,"column":40}},"52":{"start":{"l
[...]
,"/Users/richardchen/Documents/GitHub/Time-Off-Microservice/src/time-off/time-off.controller.ts": {"path":"/Users/richardchen/Documents/GitHub/Time-Off-Microservice/src/time-off/time-off.controller.ts","statementMap":{"0":{"start":{"line":1,"column":0},"end":{"line":1,"column":null}},"1":{"start":{"line":14,"column":0},"end":{"line":14,"column":52}},"2":{"start":{"line":15,"column":0},"end":{"line":15,"column":76}},"3":{"start":{"line":16,"column":0},"end":{"line":16,"column":76}},"4":{"start":{"line":19,"column":7},"end":{"line":42,"column":null}},"5":{"start":{"line":20,"column":31},"end":{"line":20,"column":47}},"6":{"start":{"line":26,"column":4},"end":{"line":26,"column":50}},"7":{"start":{"line":31,"column":20},"end":{"line":31,"column":58}},"8":{"start":{"line":32,"column":4},"end":{"line":34,"column":5}},"9":{"start":{"line":33,"column":6},"end":{"line":33,"column":78}},"10":{"start":{"line":35,"column":4},"end":{"line":35,"column":19}},"11":{"start":{"line":40,"column":4},"end":{"line":40,"column":46}},"12":{"start":{"line":19,"column":13},"end":{"line":19,"column":30}},"13":{"start":{"line":25,"column":8},"end":{"line":27,"column":null}},"14":{"start":{"line":30,"column":8},"end":{"line":36,"column":null}},"15":{"start":{"line":39,"column":2},"end":{"line":41,"column":null}},"16":{"start":{"line":19,"column":13},"end":{"line":42,"column":null}}},"fnMap":{"0":{"name":"(anonymous_4)","decl":{"start":{"line":20,"column":2},"end":{"line":20,"column":31}},"loc":{"start":{"line":20,"column":61},"end":{"line":20,"column":65}}},"1":{"name":"(anonymous_5)","decl":{"start":{"line":25,"column":2},"end":{"line":25,"column":7}},"loc":{"start":{"line":25,"column":51},"end":{"line":27,"column":3}}},"2":{"name":"(anonymous_6)","decl":{"start":{"line":30,"column":2},"end":{"line":30,"column":7}},"loc":{"start":{"line":30,"column":39},"end":{"line":36,"column":3}}},"3":{"name":"(anonymous_7)","decl":{"start":{"line":39,"column":2},"end":{"line":39,"column":9}},"loc":{"start":{"line":39,"column":49},"end":{"line":41,"column":3}}}},"branchMap":{"0":{"loc":{"start":{"line":32,"column":4},"end":{"line":34,"column":5}},"type":"if","locations":[{"start":{"line":32,"column":4},"end":{"line":34,"column":5}}]}},"s":{"0":4,"1":4,"2":4,"3":4,"4":4,"5":4,"6":38,"7":1,"8":1,"9":0,"10":1,"11":1,"12":4,"13":4,"14":4,"15":4,"16":4},"f":{"0":4,"1":38,"2":1,"3":1},"b":{"0":[0]}}
,"/Users/richardchen/Documents/GitHub/Time-Off-Microservice/src/time-off/time-off.module.ts": {"path":"/Users/richardchen/Documents/GitHub/Time-Off-Microservice/src/time-off/time-off.module.ts","statementMap":{"0":{"start":{"line":1,"column":0},"end":{"line":1,"column":40}},"1":{"start":{"line":2,"column":0},"end":{"line":2,"column":48}},"2":{"start":{"line":3,"column":0},"end":{"line":3,"column":78}},"3":{"start":{"line":4,"column":0},"end":{"line":4,"column":78}},"4":{"start":{"line":5,"column":0},"end":{"line":5,"column":64}},"5":{"start":{"line":6,"column":0},"end":{"line":6,"column":64}},"6":{"start":{"line":7,"column":0},"end":{"line":7,"column":81}},"7":{"start":{"line":8,"column":0},"end":{"line":8,"column":52}},"8":{"start":{"line":9,"column":0},"end":{"line":9,"column":58}},"9":{"start":{"line":10,"column":0},"end":{"line":10,"column":66}},"10":{"start":{"line":27,"column":7},"end":{"line":27,"column":null}},"11":{"start":{"line":27,"column":13},"end":{"line":27,"column":26}},"12":{"start":{"line":27,"column":13},"end":{"line":27,"column":null}}},"fnMap":{},"branchMap":{},"s":{"0":4,"1":4,"2":4,"3":4,"4":4,"5":4,"6":4,"7":4,"8":4,"9":4,"10":4,"11":4,"12":4},"f":{},"b":{}}
,"/Users/richardchen/Documents/GitHub/Time-Off-Microservice/src/time-off/time-off.service.ts": {"path":"/Users/richardchen/Documents/GitHub/Time-Off-Microservice/src/time-off/time-off.service.ts","statementMap":{"0":{"start":{"line":1,"column":0},"end":{"line":1,"column":73}},"1":{"start":{"line":2,"column":0},"end":{"line":2,"column":51}},"2":{"start":{"line":3,"column":0},"end":{"line":3,"column":66}},"3":{"start":{"line":4,"column":0},"end":{"line":4,"column":36}},"4":{"start":{"line":5,"column":0},"end":{"line":5,"column":78}},"5":{"start":{"line":6,"column":0},"end":{"line":6,"column":78}},"6":{"start":{"line":7,"column":0},"end":{"line":7,"column":64}},"7":{"start":{"line":8,"column":0},"end":{"line":8,"column":64}},"8":{"start":{"line":9,"column":0},"end":{"line":9,"column":81}},"9":{"start":{"line":10,"column":0},"end":{"line":10,"column":68}},"10":{"start":{"line":11,"column":0},"end":{"line":11,"column":null}},"11":{"start":{"line":23,"column":27},"end":{"line":261,"column":null}},"12":{"start":{"line":29,"column":21},"end":{"line":29,"column":34}},"13":{"start":{"line":31,"column":21},"end":{"line":31,"column":34}},"14":{"start":{"line":33,"column":21},"end":{"line":33,"column":35}},"15":{"start":{"line":35,"column":21},"end":{"line":35,"column":35}},"16":{"start":{"line":37,"column":21},"end":{"line":37,"column":43}},"17":{"start":{"line":38,"column":21},"end":{"line":38,"column":32}},"18":{"start":{"line":39,"column":21},"end":{"line":39,"column":33}},"19":{"start":{"line":24,"column":19},"end":{"line":24,"column":60}},"20":{"start":{"line":25,"column":19},"end":{"line":25,"column":55}},"21":{"start":{"line":43,"column":16},"end":{"line":43,"column":45}},"22":{"start":{"line":44,"column":4},"end":{"line":46,"column":5}},"23":{"start":{"line":45,"column":6},"end":{"line":45,"column":42}},"24":{"start":{"line":47,"column":4},"end":{"line":47,"column":34}},"25":{"start":{"line":51,"column":70},"end":{"line":51,"column":73}},"26":{"start":{"line":54,"column":4},"end":{"line":56,"column":5}},"27":{"start":{"line":55,"column":6},"end":{"line":55,"column":76}},"28":{"start":{"line":59,"column":21},"end":{"line":61,"column":6}},"29":{"start":{"line":62,"column":4},"end":{"line":64,"column":5}},"30":{"start":{"line":63,"column":6},"end":{"line":63,"column":54}},"31":{"start":{"line":65,"column":4},"end":{"line":67,"column":5}},"32":{"start":{"line":66,"column":6},"end":{"line":66,"column":54}},"33":{"start":{"line":70,"column":21},"end":{"line":72,"column":6}},"34":{"start":{"line":73,"column":4},"end":{"line":75,"column":5}},"35":{"start":{"line":74,"column":6},"end":{"line":74,"column":54}},"36":{"start":{"line":78,"column":15},"end":{"line":80,"column":6}},"37":{"start":{"line":81,"column":4},"end":{"line":83,"column":5}},"38":{"start":{"line":82,"column":6},"end":{"line":82,"column":74}},"39":{"start":{"line":86,"column":4},"end":{"line":96,"column":5}},"40":{"start":{"line":87,"column":23},"end":{"line":89,"column":8}},"41":{"start":{"line":90,"column":6},"end":{"line":95,"column":7}},"42":{"start":{"line":91,"column":8},"end":{"line":93,"column":10}},"43":{"start":{"line":94,"column":8},"end":{"line":94,"column":24}},"44":{"start":{"line":99,"column":18},"end":{"line":99,"column":55}},"45":{"start":{"line":100,"column":4},"end":{"line":102,"column":7}},"46":{"start":{"line":101,"column":6},"end":{"line":101,"column":88}},"47":{"start":{"line":112,"column":25},"end":{"line":114,"column":6}},"48":{"start":{"line":116,"column":22},"end":{"line":116,"column":73}},"49":{"start":{"line":117,"column":4},"end":{"line":119,"column":5}},"50":{"start":{"line":118,"column":6},"end":{"line":118,"column":71}},"51":{"start":{"line":123,"column":4},"end":{"line":141,"column":5}},"52":{"start":{"line":124,"column":25},"end":{"line":124,"column":80}},"53":{"start":{"line":125,"column":6},"end":{"line":125,"column":47}},"54":{"start":{"line":128,"column":6},"end":{"line":139,"column":7}},"55":{"start":{"line":129,"column":30},"end":{"line":137,"column":10}},"56":{"start":{"line":138,"column":8},"end":{"line":138,"column":52}},"57":{"start":{"line":140,"column":6},"end":{"line":140,"column":16}},"58":{"start":{"line":144,"column":4},"end":{"line":164,"column":5}},"59":{"start":{"line":145,"column":6},"end":{"line":147,"column":8}},"60":{"start":{"line":148,"column":6},"end":{"line":163,"column":7}},"61":{"start":{"line":149,"column":8},"end":{"line":149,"column":43}},"62":{"start":{"line":150,"column":8},"end":{"line":150,"column":45}},"63":{"start":{"line":151,"column":8},"end":{"line":151,"column":47}},"64":{"start":{"line":152,"column":8},"end":{"line":152,"column":50}},"65":{"start":{"line":154,"column":8},"end":{"line":162,"column":10}},"66":{"start":{"line":167,"column":26},"end":{"line":167,"column":33}},"67":{"start":{"line":168,"column":4},"end":{"line":170,"column":5}},"68":{"start":{"line":169,"column":6},"end":{"line":169,"column":75}},"69":{"start":{"line":173,"column":4},"end":{"line":247,"column":7}},"70":{"start":{"line":174,"column":28},"end":{"line":174,"column":65}},"71":{"start":{"line":175,"column":28},"end":{"line":175,"column":65}},"72":{"start":{"line":180,"column":6},"end":{"line":198,"column":7}},"73":{"start":{"line":181,"column":8},"end":{"line":185,"column":10}},"74":{"start":{"line":188,"column":30},"end":{"line":196,"column":10}},"75":{"start":{"line":197,"column":8},"end":{"line":197,"column":49}},"76":{"start":{"line":200,"column":6},"end":{"line":211,"column":7}},"77":{"start":{"line":201,"column":30},"end":{"line":209,"column":10}},"78":{"start":{"line":210,"column":8},"end":{"line":210,"column":49}},"79":{"start":{"line":214,"column":30},"end":{"line":216,"column":8}},"80":{"start":{"line":217,"column":6},"end":{"line":222,"column":7}},"81":{"start":{"line":218,"column":8},"end":{"line":220,"column":10}},"82":{"start":{"line":221,"column":8},"end":{"line":221,"column":50}},"83":{"start":{"line":228,"column":6},"end":{"line":235,"column":7}},"84":{"start":{"line":229,"column":8},"end":{"line":229,"column":41}},"85":{"start":{"line":230,"column":8},"end":{"line":232,"column":10}},"86":{"start":{"line":234,"column":8},"end":{"line":234,"column":28}},"87":{"start":{"line":237,"column":30},"end":{"line":245,"column":8}},"88":{"start":{"line":246,"column":6},"end":{"line":246,"column":49}},"89":{"start":{"line":251,"column":4},"end":{"line":251,"column":55}},"90":{"start":{"line":255,"column":60},"end":{"line":255,"column":62}},"91":{"start":{"line":256,"column":4},"end":{"line":256,"column":65}},"92":{"start":{"line":256,"column":26},"end":{"line":256,"column":65}},"93":{"start":{"line":257,"column":4},"end":{"line":257,"column":65}},"94":{"start":{"line":257,"column":26},"end":{"line":257,"column":65}},"95":{"start":{"line":258,"column":4},"end":{"line":258,"column":60}},"96":{"start":{"line":258,"column":22},"end":{"line":258,"column":60}},"97":{"start":{"line":259,"column":4},"end":{"line":259,"column":74}},"98":{"start":{"line":23,"column":13},"end":{"line":23,"column":27}},"99":{"start":{"line":23,"column":13},"end":{"line":261,"column":null}}},"fnMap":{"0":{"name":"(anonymous_4)","decl":{"start":{"line":27,"column":2},"end":{"line":27,"column":null}},"loc":{"start":{"line":39,"column":43},"end":{"line":40,"column":6}}},"1":{"name":"(anonymous_5)","decl":{"start":{"line":42,"column":10},"end":{"line":42,"column":18}},"loc":{"start":{"line":42,"column":57},"end":{"line":48,"column":3}}},"2":{"name":"(anonymous_6)","decl":{"start":{"line":50,"column":2},"end":{"line":50,"column":7}},"loc":{"start":{"line":50,"column":50},"end":{"line":103,"column":3}}},"3":{"name":"(anonymous_7)","decl":{"start":{"line":100,"column":30},"end":{"line":100,"column":35}},"loc":{"start":{"line":100,"column":41},"end":{"line":102,"column":5}}},"4":{"name":"(anonymous_8)","decl":{"start":{"line":105,"column":10},"end":{"line":105,"column":15}},"loc":{"start":{"line":109,"column":27},"end":{"line":248,"column":3}}},"5":{"name":"(anonymous_9)","decl":{"start":{"line":173,"column":39},"end":{"line":173,"column":44}},"loc":{"start":{"line":173,"column":57},"end":{"line":247,"column":5}}},"6":{"name":"(anonymous_10)","decl":{"start":{"line":250,"column":2},"end":{"line":250,"column":7}},"loc":{"start":{"line":250,"column":27},"end":{"line":252,"column":3}}},"7":{"name":"(anonymous_11)","decl":{"start":{"line":254,"column":2},"end":{"line":254,"column":7}},"loc":{"start":{"line":254,"column":46},"end":{"line":260,"column":3}}}},"branchMap":{"0":{"loc":{"start":{"line":44,"column":4},"end":{"line":46,"column":5}},"type":"if","locations":[{"start":{"line":44,"column":4},"end":{"line":46,"column":5}}]},"1":{"loc":{"start":{"line":54,"column":4},"end":{"line":56,"column":5}},"type":"if","locations":[{"start":{"line":54,"column":4},"end":{"line":56,"column":5}}]},"2":{"loc":{"start":{"line":62,"column":4},"end":{"line":64,"column":5}},"type":"if","locations":[{"start":{"line":62,"column":4},"end":{"line":64,"column":5}}]},"3":{"loc":{"start":{"line":65,"column":4},"end":{"line":67,"column":5}},"type":"if","locations":[{"start":{"line":65,"column":4},"end":{"line":67,"column":5}}]},"4":{"loc":{"start":{"line":73,"column":4},"end":{"line":75,"column":5}},"type":"if","locations":[{"start":{"line":73,"column":4},"end":{"line":75,"column":5}}]},"5":{"loc":{"start":{"line":81,"column":4},"end":{"line":83,"column":5}},"type":"if","locations":[{"start":{"line":81,"column":4},"end":{"line":83,"column":5}}]},"6":{"loc":{"start":{"line":81,"column":8},"end":{"line":81,"column":25}},"type":"binary-expr","locations":[{"start":{"line":81,"column":8},"end":{"line":81,"column":11}},{"start":{"line":81,"column":15},"end":{"line":81,"column":25}}]},"7":{"loc":{"start":{"line":86,"column":4},"end":{"line":96,"column":5}},"type":"if","locations":[{"start":{"line":86,"column":4},"end":{"line":96,"column":5}}]},"8":{"loc":{"start":{"line":90,"column":6},"end":{"line":95,"column":7}},"type":"if","locations":[{"start":{"line":90,"column":6},"end":{"line":95,"column":7}}]},"9":{"loc":{"start":{"line":116,"column":22},"end":{"line":116,"column":73}},"type":"cond-expr","locations":[{"start":{"line":116,"column":37},"end":{"line":116,"column":69}},{"start":{"line":116,"column":72},"end":{"line":116,"column":73}}]},"10":{"loc":{"start":{"line":117,"column":4},"end":{"line":119,"column":5}},"type":"if","locations":[{"start":{"line":117,"column":4},"end":{"line":119,"column":5}}]},"11":{"loc":{"start":{"line":128,"column":6},"end":{"line":139,"column":7}},"type":"if","locations":[{"start":{"line":128,"column":6},"end":{"line":139,"column":7}}]},"12":{"loc":{"start":{"line":135,"column":26},"end":{"line":135,"column":48}},"type":"binary-expr","locations":[{"start":{"line":135,"column":26},"end":{"line":135,"column":40}},{"start":{"line":135,"column":44},"end":{"line":135,"column":48}}]},"13":{"loc":{"start":{"line":144,"column":4},"end":{"line":164,"column":5}},"type":"if","locations":[{"start":{"line":144,"column":4},"end":{"line":164,"column":5}}]},"14":{"loc":{"start":{"line":148,"column":6},"end":{"line":163,"column":7}},"type":"if","locations":[{"start":{"line":148,"column":6},"end":{"line":163,"column":7}},{"start":{"line":153,"column":13},"end":{"line":163,"column":7}}]},"15":{"loc":{"start":{"line":168,"column":4},"end":{"line":170,"column":5}},"type":"if","locations":[{"start":{"line":168,"column":4},"end":{"line":170,"column":5}}]},"16":{"loc":{"start":{"line":194,"column":26},"end":{"line":194,"column":48}},"type":"binary-expr","locations":[{"start":{"line":194,"column":26},"end":{"line":194,"column":40}},{"start":{"line":194,"column":44},"end":{"line":194,"column":48}}]},"17":{"loc":{"start":{"line":200,"column":6},"end":{"line":211,"column":7}},"type":"if","locations":[{"start":{"line":200,"column":6},"end":{"line":211,"column":7}}]},"18":{"loc":{"start":{"line":207,"column":26},"end":{"line":207,"column":48}},"type":"binary-expr","locations":[{"start":{"line":207,"column":26},"end":{"line":207,"column":40}},{"start":{"line":207,"column":44},"end":{"line":207,"column":48}}]},"19":{"loc":{"start":{"line":217,"column":6},"end":{"line":222,"column":7}},"type":"if","locations":[{"start":{"line":217,"column":6},"end":{"line":222,"column":7}}]},"20":{"loc":{"start":{"line":228,"column":6},"end":{"line":235,"column":7}},"type":"if","locations":[{"start":{"line":228,"column":6},"end":{"line":235,"column":7}},{"start":{"line":233,"column":13},"end":{"line":235,"column":7}}]},"21":{"loc":{"start":{"line":243,"column":26},"end":{"line":243,"column":57}},"type":"binary-expr","locations":[{"start":{"line":243,"column":26},"end":{"line":243,"column":49}},{"start":{"line":243,"column":53},"end":{"line":243,"column":57}}]},"22":{"loc":{"start":{"line":244,"column":24},"end":{"line":244,"column":46}},"type":"binary-expr","locations":[{"start":{"line":244,"column":24},"end":{"line":244,"column":38}},{"start":{"line":244,"column":42},"end":{"line":244,"column":46}}]},"23":{"loc":{"start":{"line":256,"column":4},"end":{"line":256,"column":65}},"type":"if","locations":[{"start":{"line":256,"column":4},"end":{"line":256,"column":65}}]},"24":{"loc":{"start":{"line":257,"column":4},"end":{"line":257,"column":65}},"type":"if","locations":[{"start":{"line":257,"column":4},"end":{"line":257,"column":65}}]},"25":{"loc":{"start":{"line":258,"column":4},"end":{"line":258,"column":60}},"type":"if","locations":[{"start":{"line":258,"column":4},"end":{"line":258,"column":60}}]}},"s":{"0":5,"1":5,"2":5,"3":5,"4":5,"5":5,"6":5,"7":5,"8":5,"9":5,"10":5,"11":5,"12":20,"13":20,"14":20,"15":20,"16":20,"17":20,"18":20,"19":20,"20":20,"21":39,"22":39,"23":33,"24":39,"25":56,"26":56,"27":2,"28":54,"29":54,"30":3,"31":51,"32":3,"33":48,"34":48,"35":2,"36":46,"37":46,"38":4,"39":42,"40":5,"41":5,"42":3,"43":3,"44":39,"45":39,"46":39,"47":39,"48":39,"49":39,"50":8,"51":31,"52":31,"53":27,"54":4,"55":4,"56":4,"57":0,"58":27,"59":7,"60":7,"61":7,"62":7,"63":7,"64":7,"65":0,"66":27,"67":27,"68":3,"69":24,"70":24,"71":24,"72":24,"73":24,"74":2,"75":2,"76":22,"77":0,"78":0,"79":22,"80":22,"81":22,"82":22,"83":22,"84":3,"85":3,"86":19,"87":22,"88":22,"89":1,"90":1,"91":1,"92":1,"93":1,"94":0,"95":1,"96":0,"97":1,"98":5,"99":5},"f":{"0":20,"1":39,"2":56,"3":39,"4":39,"5":24,"6":1,"7":1},"b":{"0":[33],"1":[2],"2":[3],"3":[3],"4":[2],"5":[4],"6":[46,45],"7":[5],"8":[3],"9":[39,0],"10":[8],"11":[4],"12":[4,4],"13":[7],"14":[7,0],"15":[3],"16":[2,2],"17":[0],"18":[0,0],"19":[22],"20":[3,19],"21":[22,3],"22":[22,20],"23":[1],"24":[0],"25":[0]}}
,"/Users/richardchen/Documents/GitHub/Time-Off-Microservice/src/time-off/dto/create-time-off-request.dto.ts": {"path":"/Users/richardchen/Documents/GitHub/Time-Off-Microservice/src/time-off/dto/create-time-off-request.dto.ts","statementMap":{"0":{"start":{"line":1,"column":0},"end":{"line":1,"column":null}},"1":{"start":{"line":9,"column":0},"end":{"line":9,"column":13}},"2":{"start":{"line":12,"column":2},"end":{"line":12,"column":null}},"3":{"start":{"line":16,"column":2},"end":{"line":16,"column":null}},"4":{"start":{"line":20,"column":2},"end":{"line":20,"column":null}},"5":{"start":{"line":24,"column":2},"end":{"line":24,"column":null}}},"fnMap":{},"branchMap":{},"s":{"0":4,"1":4,"2":4,"3":4,"4":4,"5":4},"f":{},"b":{}}
,"/Users/richardchen/Documents/GitHub/Time-Off-Microservice/src/time-off/dto/query-time-off-requests.dto.ts": {"path":"/Users/richardchen/Documents/GitHub/Time-Off-Microservice/src/time-off/dto/query-time-off-requests.dto.ts","statementMap":{"0":{"start":{"line":1,"column":0},"end":{"line":1,"column":55}},"1":{"start":{"line":3,"column":0},"end":{"line":3,"column":13}},"2":{"start":{"line":6,"column":2},"end":{"line":6,"column":null}},"3":{"start":{"line":10,"column":2},"end":{"line":10,"column":null}},"4":{"start":{"line":14,"column":2},"end":{"line":14,"column":null}}},"fnMap":{},"branchMap":{},"s":{"0":4,"1":4,"2":4,"3":4,"4":4},"f":{},"b":{}}
}
