TN:
SF:src/balances/balances.controller.ts
FN:7,(anonymous_4)
FN:10,(anonymous_5)
FN:15,(anonymous_6)
FNF:3
FNH:3
FNDA:4,(anonymous_4)
FNDA:2,(anonymous_5)
FNDA:6,(anonymous_6)
DA:1,4
DA:2,4
DA:3,4
DA:6,4
DA:7,4
DA:10,4
DA:11,2
DA:15,4
DA:20,6
LF:9
LH:9
BRF:0
BRH:0
end_of_record
TN:
SF:src/balances/balances.service.ts
FN:11,(anonymous_4)
FN:17,(anonymous_5)
FN:21,(anonymous_6)
FN:44,(anonymous_7)
FN:74,(anonymous_8)
FNF:5
FNH:5
FNDA:15,(anonymous_4)
FNDA:4,(anonymous_5)
FNDA:10,(anonymous_6)
FNDA:5,(anonymous_7)
FNDA:2,(anonymous_8)
DA:1,5
DA:2,5
DA:3,5
DA:4,5
DA:5,5
DA:8,5
DA:9,15
DA:13,15
DA:14,15
DA:18,4
DA:26,10
DA:27,4
DA:28,4
DA:29,2
DA:36,2
DA:41,10
DA:51,5
DA:55,5
DA:56,4
DA:57,4
DA:58,4
DA:59,4
DA:61,1
DA:71,5
DA:79,2
DA:82,2
DA:83,1
DA:85,1
DA:86,1
DA:87,1
LF:30
LH:30
BRDA:24,0,0,5
BRDA:26,1,0,4
BRDA:49,2,0,4
BRDA:55,3,0,4
BRDA:55,3,1,1
BRDA:82,4,0,1
BRF:6
BRH:6
end_of_record
TN:
SF:src/balances/dto/get-balance.dto.ts
FN:7,(anonymous_2)
FNF:1
FNH:1
FNDA:2,(anonymous_2)
DA:1,4
DA:2,4
DA:4,4
DA:7,2
DA:8,4
LF:5
LH:5
BRDA:7,0,0,2
BRDA:7,0,1,0
BRF:2
BRH:1
end_of_record
TN:
SF:src/common/exceptions/index.ts
FN:4,(anonymous_0)
FN:10,(anonymous_1)
FN:16,(anonymous_2)
FN:25,(anonymous_3)
FN:34,(anonymous_4)
FN:43,(anonymous_5)
FN:50,(anonymous_6)
FN:57,(anonymous_7)
FNF:8
FNH:8
FNDA:5,(anonymous_0)
FNDA:4,(anonymous_1)
FNDA:4,(anonymous_2)
FNDA:6,(anonymous_3)
FNDA:12,(anonymous_4)
FNDA:11,(anonymous_5)
FNDA:5,(anonymous_6)
FNDA:4,(anonymous_7)
DA:1,11
DA:3,11
DA:5,5
DA:9,11
DA:11,4
DA:15,11
DA:17,4
DA:24,11
DA:26,6
DA:33,11
DA:35,12
DA:42,11
DA:44,11
DA:45,11
DA:49,11
DA:51,5
DA:52,5
DA:56,11
DA:58,4
DA:59,4
LF:20
LH:20
BRF:0
BRH:0
end_of_record
TN:
SF:src/common/filters/http-exception.filter.ts
FN:13,(anonymous_1)
FN:16,(anonymous_2)
FNF:2
FNH:2
FNDA:12,(anonymous_1)
FNDA:27,(anonymous_2)
DA:1,5
DA:10,5
DA:13,5
DA:14,12
DA:17,27
DA:18,27
DA:19,27
DA:24,27
DA:25,20
DA:26,20
DA:27,20
DA:31,7
DA:32,1
DA:33,1
DA:34,6
DA:35,1
DA:36,1
DA:37,5
DA:38,2
DA:39,2
DA:40,3
DA:41,2
DA:42,2
DA:43,2
DA:45,1
DA:46,1
DA:49,27
LF:27
LH:27
BRDA:24,0,0,20
BRDA:24,0,1,7
BRDA:28,1,0,17
BRDA:28,1,1,3
BRDA:30,2,0,3
BRDA:30,2,1,0
BRDA:31,3,0,1
BRDA:31,3,1,6
BRDA:34,4,0,1
BRDA:34,4,1,5
BRDA:37,5,0,2
BRDA:37,5,1,3
BRDA:40,6,0,2
BRDA:40,6,1,1
BRF:14
BRH:13
end_of_record
TN:
SF:src/database/entities/employee-location.entity.ts
FN:26,(anonymous_2)
FN:26,(anonymous_3)
FN:29,(anonymous_4)
FN:29,(anonymous_5)
FNF:4
FNH:4
FNDA:4,(anonymous_2)
FNDA:4,(anonymous_3)
FNDA:4,(anonymous_4)
FNDA:4,(anonymous_5)
DA:1,9
DA:8,9
DA:9,9
DA:13,9
DA:15,9
DA:18,9
DA:21,9
DA:24,9
DA:26,4
DA:27,9
DA:29,4
DA:30,9
LF:12
LH:12
BRF:0
BRH:0
end_of_record
TN:
SF:src/database/entities/employee.entity.ts
FN:22,(anonymous_2)
FN:22,(anonymous_3)
FN:25,(anonymous_4)
FN:25,(anonymous_5)
FN:28,(anonymous_6)
FN:28,(anonymous_7)
FNF:6
FNH:6
FNDA:4,(anonymous_2)
FNDA:4,(anonymous_3)
FNDA:4,(anonymous_4)
FNDA:4,(anonymous_5)
FNDA:4,(anonymous_6)
FNDA:4,(anonymous_7)
DA:1,9
DA:7,9
DA:8,9
DA:9,9
DA:12,9
DA:14,9
DA:17,9
DA:20,9
DA:22,4
DA:23,9
DA:25,4
DA:26,9
DA:28,4
DA:29,9
LF:14
LH:14
BRF:0
BRH:0
end_of_record
TN:
SF:src/database/entities/location.entity.ts
FN:19,(anonymous_2)
FN:19,(anonymous_3)
FN:22,(anonymous_4)
FN:22,(anonymous_5)
FN:25,(anonymous_6)
FN:25,(anonymous_7)
FNF:6
FNH:6
FNDA:4,(anonymous_2)
FNDA:4,(anonymous_3)
FNDA:4,(anonymous_4)
FNDA:4,(anonymous_5)
FNDA:4,(anonymous_6)
FNDA:4,(anonymous_7)
DA:1,9
DA:7,9
DA:8,9
DA:9,9
DA:12,9
DA:14,9
DA:17,9
DA:19,4
DA:20,9
DA:22,4
DA:23,9
DA:25,4
DA:26,9
LF:13
LH:13
BRF:0
BRH:0
end_of_record
TN:
SF:src/database/entities/time-off-balance.entity.ts
FN:38,(anonymous_2)
FN:38,(anonymous_3)
FN:41,(anonymous_4)
FN:41,(anonymous_5)
FNF:4
FNH:4
FNDA:4,(anonymous_2)
FNDA:4,(anonymous_3)
FNDA:4,(anonymous_4)
FNDA:4,(anonymous_5)
DA:1,9
DA:9,9
DA:10,9
DA:16,9
DA:18,9
DA:21,9
DA:24,9
DA:27,9
DA:30,9
DA:33,9
DA:36,9
DA:38,4
DA:39,9
DA:41,4
DA:42,9
DA:45,9
LF:16
LH:16
BRF:0
BRH:0
end_of_record
TN:
SF:src/database/entities/time-off-request.entity.ts
FN:51,(anonymous_2)
FN:51,(anonymous_3)
FN:54,(anonymous_4)
FN:54,(anonymous_5)
FNF:4
FNH:4
FNDA:4,(anonymous_2)
FNDA:4,(anonymous_3)
FNDA:4,(anonymous_4)
FNDA:4,(anonymous_5)
DA:1,9
DA:9,9
DA:10,9
DA:20,9
DA:22,9
DA:25,9
DA:28,9
DA:31,9
DA:34,9
DA:37,9
DA:40,9
DA:43,9
DA:46,9
DA:49,9
DA:51,4
DA:52,9
DA:54,4
DA:55,9
LF:18
LH:18
BRF:0
BRH:0
end_of_record
TN:
SF:src/employees/employees.controller.ts
FN:6,(anonymous_4)
FN:9,(anonymous_5)
FN:14,(anonymous_6)
FNF:3
FNH:1
FNDA:4,(anonymous_4)
FNDA:0,(anonymous_5)
FNDA:0,(anonymous_6)
DA:1,4
DA:2,4
DA:5,4
DA:6,4
DA:9,4
DA:10,0
DA:14,4
DA:15,0
LF:8
LH:6
BRF:0
BRH:0
end_of_record
TN:
SF:src/employees/employees.service.ts
FN:16,(anonymous_4)
FN:25,(anonymous_5)
FN:29,(anonymous_6)
FN:37,(anonymous_7)
FN:50,(anonymous_8)
FN:60,(anonymous_9)
FN:73,(anonymous_10)
FN:78,(anonymous_11)
FN:83,(anonymous_12)
FNF:9
FNH:9
FNDA:20,(anonymous_4)
FNDA:1,(anonymous_5)
FNDA:2,(anonymous_6)
FNDA:3,(anonymous_7)
FNDA:2,(anonymous_8)
FNDA:3,(anonymous_9)
FNDA:2,(anonymous_10)
FNDA:1,(anonymous_11)
FNDA:2,(anonymous_12)
DA:1,5
DA:2,5
DA:3,5
DA:4,5
DA:5,5
DA:6,5
DA:12,5
DA:15,5
DA:18,20
DA:20,20
DA:22,20
DA:26,1
DA:30,2
DA:31,2
DA:32,1
DA:34,1
DA:38,3
DA:41,3
DA:42,1
DA:44,2
DA:45,1
DA:47,1
DA:51,2
DA:54,2
DA:55,1
DA:57,1
DA:64,3
DA:67,3
DA:68,2
DA:70,1
DA:74,2
DA:75,2
DA:79,1
DA:80,1
DA:88,2
DA:93,2
LF:36
LH:36
BRDA:31,0,0,1
BRDA:41,1,0,1
BRDA:44,2,0,1
BRDA:54,3,0,1
BRDA:67,4,0,2
BRDA:67,5,0,3
BRDA:67,5,1,2
BRDA:73,6,0,1
BRDA:86,7,0,1
BRF:9
BRH:9
end_of_record
TN:
SF:src/hcm-client/hcm-client.interface.ts
FNF:0
FNH:0
DA:31,4
LF:1
LH:1
BRF:0
BRH:0
end_of_record
TN:
SF:src/hcm-client/hcm-client.service.ts
FN:24,(anonymous_2)
FN:35,(anonymous_3)
FN:52,(anonymous_4)
FN:77,(anonymous_5)
FN:90,(anonymous_6)
FNF:5
FNH:5
FNDA:13,(anonymous_2)
FNDA:8,(anonymous_3)
FNDA:3,(anonymous_4)
FNDA:2,(anonymous_5)
FNDA:9,(anonymous_6)
DA:1,8
DA:2,8
DA:3,8
DA:4,8
DA:5,8
DA:12,8
DA:19,8
DA:20,13
DA:25,13
DA:26,13
DA:28,13
DA:32,13
DA:39,8
DA:40,8
DA:46,1
DA:48,7
DA:57,3
DA:58,3
DA:65,2
DA:70,1
DA:78,2
DA:79,2
DA:84,1
DA:86,1
DA:91,9
DA:92,8
DA:93,8
DA:98,4
DA:99,4
DA:101,4
DA:102,4
DA:103,1
DA:105,3
DA:106,2
DA:108,1
DA:110,1
LF:36
LH:36
BRDA:66,0,0,2
BRDA:66,0,1,1
BRDA:67,1,0,2
BRDA:67,1,1,0
BRDA:91,2,0,8
BRDA:93,3,0,4
BRDA:94,4,0,8
BRDA:94,4,1,6
BRDA:94,4,2,5
BRDA:102,5,0,1
BRDA:105,6,0,2
BRDA:105,7,0,3
BRDA:105,7,1,2
BRDA:106,8,0,2
BRDA:106,8,1,0
BRDA:108,9,0,1
BRDA:108,9,1,1
BRF:17
BRH:15
end_of_record
TN:
SF:src/locations/locations.controller.ts
FN:6,(anonymous_4)
FN:9,(anonymous_5)
FN:14,(anonymous_6)
FNF:3
FNH:1
FNDA:4,(anonymous_4)
FNDA:0,(anonymous_5)
FNDA:0,(anonymous_6)
DA:1,4
DA:2,4
DA:5,4
DA:6,4
DA:9,4
DA:10,0
DA:14,4
DA:15,0
LF:8
LH:6
BRF:0
BRH:0
end_of_record
TN:
SF:src/locations/locations.service.ts
FN:9,(anonymous_4)
FN:14,(anonymous_5)
FN:18,(anonymous_6)
FNF:3
FNH:3
FNDA:8,(anonymous_4)
FNDA:2,(anonymous_5)
FNDA:2,(anonymous_6)
DA:1,5
DA:2,5
DA:3,5
DA:4,5
DA:5,5
DA:8,5
DA:11,8
DA:15,2
DA:19,2
DA:20,2
DA:21,1
DA:23,1
LF:12
LH:12
BRDA:20,0,0,1
BRF:1
BRH:1
end_of_record
TN:
SF:src/sync/sync.controller.ts
FN:13,(anonymous_4)
FN:17,(anonymous_5)
FN:23,(anonymous_6)
FNF:3
FNH:3
FNDA:4,(anonymous_4)
FNDA:13,(anonymous_5)
FNDA:6,(anonymous_6)
DA:1,4
DA:9,4
DA:12,4
DA:13,4
DA:17,4
DA:18,13
DA:23,4
DA:27,6
LF:8
LH:8
BRF:0
BRH:0
end_of_record
TN:
SF:src/sync/sync.service.ts
FN:25,(anonymous_4)
FN:32,(anonymous_5)
FN:38,(anonymous_6)
FN:119,(anonymous_7)
FNF:4
FNH:4
FNDA:13,(anonymous_4)
FNDA:19,(anonymous_5)
FNDA:19,(anonymous_6)
FNDA:9,(anonymous_7)
DA:1,5
DA:2,5
DA:3,5
DA:4,5
DA:5,5
DA:22,5
DA:23,13
DA:27,13
DA:28,13
DA:29,13
DA:33,19
DA:34,19
DA:35,19
DA:36,19
DA:38,19
DA:39,19
DA:42,19
DA:49,19
DA:50,19
DA:52,19
DA:53,33
DA:54,33
DA:55,3
DA:56,3
DA:60,33
DA:63,19
DA:64,3
DA:68,19
DA:70,30
DA:71,5
DA:74,5
DA:75,5
DA:78,25
DA:85,25
DA:86,12
DA:87,12
DA:88,12
DA:89,12
DA:90,12
DA:91,12
DA:93,13
DA:101,13
DA:102,13
DA:108,19
DA:112,19
DA:116,19
DA:123,9
DA:125,7
DA:129,7
DA:130,5
DA:131,5
DA:132,5
DA:133,5
DA:135,2
DA:145,7
LF:55
LH:55
BRDA:54,0,0,3
BRDA:63,1,0,3
BRDA:70,2,0,5
BRDA:85,3,0,12
BRDA:85,3,1,13
BRDA:129,4,0,5
BRDA:129,4,1,2
BRF:7
BRH:7
end_of_record
TN:
SF:src/time-off/time-off.controller.ts
FN:20,(anonymous_4)
FN:25,(anonymous_5)
FN:30,(anonymous_6)
FN:39,(anonymous_7)
FNF:4
FNH:4
FNDA:4,(anonymous_4)
FNDA:39,(anonymous_5)
FNDA:1,(anonymous_6)
FNDA:1,(anonymous_7)
DA:1,4
DA:14,4
DA:15,4
DA:16,4
DA:19,4
DA:20,4
DA:25,4
DA:26,39
DA:30,4
DA:31,1
DA:32,1
DA:33,0
DA:35,1
DA:39,4
DA:40,1
LF:15
LH:14
BRDA:32,0,0,0
BRF:1
BRH:0
end_of_record
TN:
SF:src/time-off/time-off.service.ts
FN:27,(anonymous_4)
FN:42,(anonymous_5)
FN:50,(anonymous_6)
FN:100,(anonymous_7)
FN:105,(anonymous_8)
FN:163,(anonymous_9)
FN:240,(anonymous_10)
FN:244,(anonymous_11)
FNF:8
FNH:8
FNDA:22,(anonymous_4)
FNDA:42,(anonymous_5)
FNDA:59,(anonymous_6)
FNDA:42,(anonymous_7)
FNDA:42,(anonymous_8)
FNDA:25,(anonymous_9)
FNDA:1,(anonymous_10)
FNDA:1,(anonymous_11)
DA:1,5
DA:2,5
DA:3,5
DA:4,5
DA:5,5
DA:6,5
DA:7,5
DA:8,5
DA:9,5
DA:10,5
DA:11,5
DA:23,5
DA:24,22
DA:25,22
DA:29,22
DA:31,22
DA:33,22
DA:35,22
DA:37,22
DA:38,22
DA:39,22
DA:43,42
DA:44,42
DA:45,35
DA:47,42
DA:51,59
DA:54,59
DA:55,2
DA:59,57
DA:62,57
DA:63,3
DA:65,54
DA:66,3
DA:70,51
DA:73,51
DA:74,2
DA:78,49
DA:81,49
DA:82,4
DA:86,45
DA:87,5
DA:90,5
DA:91,3
DA:94,3
DA:99,42
DA:100,42
DA:101,42
DA:112,42
DA:116,42
DA:117,42
DA:118,9
DA:123,33
DA:124,33
DA:125,28
DA:128,5
DA:129,4
DA:138,4
DA:140,1
DA:144,28
DA:145,7
DA:148,7
DA:149,7
DA:150,7
DA:151,7
DA:152,7
DA:157,28
DA:158,28
DA:159,3
DA:163,25
DA:164,25
DA:165,25
DA:170,25
DA:171,25
DA:178,2
DA:187,2
DA:190,23
DA:191,1
DA:200,1
DA:204,22
DA:207,22
DA:208,22
DA:211,22
DA:218,22
DA:219,3
DA:220,3
DA:224,19
DA:227,22
DA:236,22
DA:241,1
DA:245,1
DA:246,1
DA:247,1
DA:248,1
DA:249,1
LF:94
LH:94
BRDA:44,0,0,35
BRDA:54,1,0,2
BRDA:62,2,0,3
BRDA:65,3,0,3
BRDA:73,4,0,2
BRDA:81,5,0,4
BRDA:81,6,0,49
BRDA:81,6,1,48
BRDA:86,7,0,5
BRDA:90,8,0,3
BRDA:116,9,0,42
BRDA:116,9,1,0
BRDA:117,10,0,9
BRDA:128,11,0,4
BRDA:135,12,0,4
BRDA:135,12,1,4
BRDA:144,13,0,7
BRDA:148,14,0,7
BRDA:158,15,0,3
BRDA:184,16,0,2
BRDA:184,16,1,2
BRDA:190,17,0,1
BRDA:197,18,0,1
BRDA:197,18,1,1
BRDA:207,19,0,22
BRDA:218,20,0,3
BRDA:218,20,1,19
BRDA:233,21,0,22
BRDA:233,21,1,3
BRDA:234,22,0,22
BRDA:234,22,1,20
BRDA:246,23,0,1
BRDA:247,24,0,0
BRDA:248,25,0,0
BRF:34
BRH:31
end_of_record
TN:
SF:src/time-off/dto/create-time-off-request.dto.ts
FNF:0
FNH:0
DA:1,4
DA:9,4
DA:12,4
DA:16,4
DA:20,4
DA:24,4
LF:6
LH:6
BRF:0
BRH:0
end_of_record
TN:
SF:src/time-off/dto/query-time-off-requests.dto.ts
FNF:0
FNH:0
DA:1,4
DA:3,4
DA:6,4
DA:10,4
DA:14,4
LF:5
LH:5
BRF:0
BRH:0
end_of_record
