TN:
SF:src/balances/balances.controller.ts
FN:7,(anonymous_4)
FN:10,(anonymous_5)
FN:15,(anonymous_6)
FNF:3
FNH:3
FNDA:4,(anonymous_4)
FNDA:2,(anonymous_5)
FNDA:6,(anonymous_6)
DA:1,4
DA:2,4
DA:3,4
DA:6,4
DA:7,4
DA:10,4
DA:11,2
DA:15,4
DA:20,6
LF:9
LH:9
BRF:0
BRH:0
end_of_record
TN:
SF:src/balances/balances.service.ts
FN:11,(anonymous_4)
FN:17,(anonymous_5)
FN:21,(anonymous_6)
FN:44,(anonymous_7)
FN:74,(anonymous_8)
FNF:5
FNH:5
FNDA:15,(anonymous_4)
FNDA:4,(anonymous_5)
FNDA:10,(anonymous_6)
FNDA:5,(anonymous_7)
FNDA:2,(anonymous_8)
DA:1,5
DA:2,5
DA:3,5
DA:4,5
DA:5,5
DA:8,5
DA:9,15
DA:13,15
DA:14,15
DA:18,4
DA:26,10
DA:27,4
DA:28,4
DA:29,2
DA:36,2
DA:41,10
DA:51,5
DA:55,5
DA:56,4
DA:57,4
DA:58,4
DA:59,4
DA:61,1
DA:71,5
DA:79,2
DA:82,2
DA:83,1
DA:85,1
DA:86,1
DA:87,1
LF:30
LH:30
BRDA:24,0,0,5
BRDA:26,1,0,4
BRDA:49,2,0,4
BRDA:55,3,0,4
BRDA:55,3,1,1
BRDA:82,4,0,1
BRF:6
BRH:6
end_of_record
TN:
SF:src/balances/dto/get-balance.dto.ts
FN:7,(anonymous_2)
FNF:1
FNH:1
FNDA:2,(anonymous_2)
DA:1,4
DA:2,4
DA:4,4
DA:7,2
DA:8,4
LF:5
LH:5
BRDA:7,0,0,2
BRDA:7,0,1,0
BRF:2
BRH:1
end_of_record
TN:
SF:src/common/exceptions/index.ts
FN:4,(anonymous_0)
FN:10,(anonymous_1)
FN:16,(anonymous_2)
FN:25,(anonymous_3)
FN:34,(anonymous_4)
FN:43,(anonymous_5)
FN:50,(anonymous_6)
FN:57,(anonymous_7)
FNF:8
FNH:8
FNDA:6,(anonymous_0)
FNDA:5,(anonymous_1)
FNDA:4,(anonymous_2)
FNDA:6,(anonymous_3)
FNDA:14,(anonymous_4)
FNDA:11,(anonymous_5)
FNDA:5,(anonymous_6)
FNDA:4,(anonymous_7)
DA:1,14
DA:3,14
DA:5,6
DA:9,14
DA:11,5
DA:15,14
DA:17,4
DA:24,14
DA:26,6
DA:33,14
DA:35,14
DA:42,14
DA:44,11
DA:45,11
DA:49,14
DA:51,5
DA:52,5
DA:56,14
DA:58,4
DA:59,4
LF:20
LH:20
BRF:0
BRH:0
end_of_record
TN:
SF:src/common/filters/http-exception.filter.ts
FN:13,(anonymous_1)
FN:16,(anonymous_2)
FNF:2
FNH:2
FNDA:12,(anonymous_1)
FNDA:27,(anonymous_2)
DA:1,5
DA:10,5
DA:13,5
DA:14,12
DA:17,27
DA:18,27
DA:19,27
DA:24,27
DA:25,20
DA:26,20
DA:27,20
DA:31,7
DA:32,1
DA:33,1
DA:34,6
DA:35,1
DA:36,1
DA:37,5
DA:38,2
DA:39,2
DA:40,3
DA:41,2
DA:42,2
DA:43,2
DA:45,1
DA:46,1
DA:49,27
LF:27
LH:27
BRDA:24,0,0,20
BRDA:24,0,1,7
BRDA:28,1,0,17
BRDA:28,1,1,3
BRDA:30,2,0,3
BRDA:30,2,1,0
BRDA:31,3,0,1
BRDA:31,3,1,6
BRDA:34,4,0,1
BRDA:34,4,1,5
BRDA:37,5,0,2
BRDA:37,5,1,3
BRDA:40,6,0,2
BRDA:40,6,1,1
BRF:14
BRH:13
end_of_record
TN:
SF:src/database/entities/employee-location.entity.ts
FN:26,(anonymous_2)
FN:26,(anonymous_3)
FN:29,(anonymous_4)
FN:29,(anonymous_5)
FNF:4
FNH:4
FNDA:4,(anonymous_2)
FNDA:4,(anonymous_3)
FNDA:4,(anonymous_4)
FNDA:4,(anonymous_5)
DA:1,12
DA:8,12
DA:9,12
DA:13,12
DA:15,12
DA:18,12
DA:21,12
DA:24,12
DA:26,4
DA:27,12
DA:29,4
DA:30,12
LF:12
LH:12
BRF:0
BRH:0
end_of_record
TN:
SF:src/database/entities/employee.entity.ts
FN:22,(anonymous_2)
FN:22,(anonymous_3)
FN:25,(anonymous_4)
FN:25,(anonymous_5)
FN:28,(anonymous_6)
FN:28,(anonymous_7)
FNF:6
FNH:6
FNDA:4,(anonymous_2)
FNDA:4,(anonymous_3)
FNDA:4,(anonymous_4)
FNDA:4,(anonymous_5)
FNDA:4,(anonymous_6)
FNDA:4,(anonymous_7)
DA:1,12
DA:7,12
DA:8,12
DA:9,12
DA:12,12
DA:14,12
DA:17,12
DA:20,12
DA:22,4
DA:23,12
DA:25,4
DA:26,12
DA:28,4
DA:29,12
LF:14
LH:14
BRF:0
BRH:0
end_of_record
TN:
SF:src/database/entities/location.entity.ts
FN:19,(anonymous_2)
FN:19,(anonymous_3)
FN:22,(anonymous_4)
FN:22,(anonymous_5)
FN:25,(anonymous_6)
FN:25,(anonymous_7)
FNF:6
FNH:6
FNDA:4,(anonymous_2)
FNDA:4,(anonymous_3)
FNDA:4,(anonymous_4)
FNDA:4,(anonymous_5)
FNDA:4,(anonymous_6)
FNDA:4,(anonymous_7)
DA:1,12
DA:7,12
DA:8,12
DA:9,12
DA:12,12
DA:14,12
DA:17,12
DA:19,4
DA:20,12
DA:22,4
DA:23,12
DA:25,4
DA:26,12
LF:13
LH:13
BRF:0
BRH:0
end_of_record
TN:
SF:src/database/entities/time-off-balance.entity.ts
FN:38,(anonymous_2)
FN:38,(anonymous_3)
FN:41,(anonymous_4)
FN:41,(anonymous_5)
FNF:4
FNH:4
FNDA:4,(anonymous_2)
FNDA:4,(anonymous_3)
FNDA:4,(anonymous_4)
FNDA:4,(anonymous_5)
DA:1,12
DA:9,12
DA:10,12
DA:16,12
DA:18,12
DA:21,12
DA:24,12
DA:27,12
DA:30,12
DA:33,12
DA:36,12
DA:38,4
DA:39,12
DA:41,4
DA:42,12
DA:45,12
LF:16
LH:16
BRF:0
BRH:0
end_of_record
TN:
SF:src/database/entities/time-off-request.entity.ts
FN:51,(anonymous_2)
FN:51,(anonymous_3)
FN:54,(anonymous_4)
FN:54,(anonymous_5)
FNF:4
FNH:4
FNDA:4,(anonymous_2)
FNDA:4,(anonymous_3)
FNDA:4,(anonymous_4)
FNDA:4,(anonymous_5)
DA:1,12
DA:9,12
DA:10,12
DA:20,12
DA:22,12
DA:25,12
DA:28,12
DA:31,12
DA:34,12
DA:37,12
DA:40,12
DA:43,12
DA:46,12
DA:49,12
DA:51,4
DA:52,12
DA:54,4
DA:55,12
LF:18
LH:18
BRF:0
BRH:0
end_of_record
TN:
SF:src/employees/employees.controller.ts
FN:6,(anonymous_4)
FN:9,(anonymous_5)
FN:14,(anonymous_6)
FNF:3
FNH:3
FNDA:8,(anonymous_4)
FNDA:2,(anonymous_5)
FNDA:2,(anonymous_6)
DA:1,5
DA:2,5
DA:5,5
DA:6,8
DA:9,5
DA:10,2
DA:14,5
DA:15,2
LF:8
LH:8
BRF:0
BRH:0
end_of_record
TN:
SF:src/employees/employees.service.ts
FN:16,(anonymous_4)
FN:25,(anonymous_5)
FN:29,(anonymous_6)
FN:37,(anonymous_7)
FN:50,(anonymous_8)
FN:60,(anonymous_9)
FN:73,(anonymous_10)
FN:78,(anonymous_11)
FN:83,(anonymous_12)
FNF:9
FNH:9
FNDA:20,(anonymous_4)
FNDA:1,(anonymous_5)
FNDA:2,(anonymous_6)
FNDA:3,(anonymous_7)
FNDA:2,(anonymous_8)
FNDA:3,(anonymous_9)
FNDA:2,(anonymous_10)
FNDA:1,(anonymous_11)
FNDA:2,(anonymous_12)
DA:1,6
DA:2,6
DA:3,6
DA:4,6
DA:5,6
DA:6,6
DA:12,6
DA:15,6
DA:18,20
DA:20,20
DA:22,20
DA:26,1
DA:30,2
DA:31,2
DA:32,1
DA:34,1
DA:38,3
DA:41,3
DA:42,1
DA:44,2
DA:45,1
DA:47,1
DA:51,2
DA:54,2
DA:55,1
DA:57,1
DA:64,3
DA:67,3
DA:68,2
DA:70,1
DA:74,2
DA:75,2
DA:79,1
DA:80,1
DA:88,2
DA:93,2
LF:36
LH:36
BRDA:31,0,0,1
BRDA:41,1,0,1
BRDA:44,2,0,1
BRDA:54,3,0,1
BRDA:67,4,0,2
BRDA:67,5,0,3
BRDA:67,5,1,2
BRDA:73,6,0,1
BRDA:86,7,0,1
BRF:9
BRH:9
end_of_record
TN:
SF:src/hcm-client/hcm-client.interface.ts
FNF:0
FNH:0
DA:31,4
LF:1
LH:1
BRF:0
BRH:0
end_of_record
TN:
SF:src/hcm-client/hcm-client.service.ts
FN:24,(anonymous_2)
FN:35,(anonymous_3)
FN:52,(anonymous_4)
FN:77,(anonymous_5)
FN:90,(anonymous_6)
FNF:5
FNH:5
FNDA:13,(anonymous_2)
FNDA:8,(anonymous_3)
FNDA:3,(anonymous_4)
FNDA:2,(anonymous_5)
FNDA:9,(anonymous_6)
DA:1,9
DA:2,9
DA:3,9
DA:4,9
DA:5,9
DA:12,9
DA:19,9
DA:20,13
DA:25,13
DA:26,13
DA:28,13
DA:32,13
DA:39,8
DA:40,8
DA:46,1
DA:48,7
DA:57,3
DA:58,3
DA:65,2
DA:70,1
DA:78,2
DA:79,2
DA:84,1
DA:86,1
DA:91,9
DA:92,8
DA:93,8
DA:98,4
DA:99,4
DA:101,4
DA:102,4
DA:103,1
DA:105,3
DA:106,2
DA:108,1
DA:110,1
LF:36
LH:36
BRDA:66,0,0,2
BRDA:66,0,1,1
BRDA:67,1,0,2
BRDA:67,1,1,0
BRDA:91,2,0,8
BRDA:93,3,0,4
BRDA:94,4,0,8
BRDA:94,4,1,6
BRDA:94,4,2,5
BRDA:102,5,0,1
BRDA:105,6,0,2
BRDA:105,7,0,3
BRDA:105,7,1,2
BRDA:106,8,0,2
BRDA:106,8,1,0
BRDA:108,9,0,1
BRDA:108,9,1,1
BRF:17
BRH:15
end_of_record
TN:
SF:src/locations/locations.controller.ts
FN:6,(anonymous_4)
FN:9,(anonymous_5)
FN:14,(anonymous_6)
FNF:3
FNH:3
FNDA:8,(anonymous_4)
FNDA:2,(anonymous_5)
FNDA:2,(anonymous_6)
DA:1,5
DA:2,5
DA:5,5
DA:6,8
DA:9,5
DA:10,2
DA:14,5
DA:15,2
LF:8
LH:8
BRF:0
BRH:0
end_of_record
TN:
SF:src/locations/locations.service.ts
FN:9,(anonymous_4)
FN:14,(anonymous_5)
FN:18,(anonymous_6)
FNF:3
FNH:3
FNDA:8,(anonymous_4)
FNDA:2,(anonymous_5)
FNDA:2,(anonymous_6)
DA:1,6
DA:2,6
DA:3,6
DA:4,6
DA:5,6
DA:8,6
DA:11,8
DA:15,2
DA:19,2
DA:20,2
DA:21,1
DA:23,1
LF:12
LH:12
BRDA:20,0,0,1
BRF:1
BRH:1
end_of_record
TN:
SF:src/sync/sync.controller.ts
FN:13,(anonymous_4)
FN:17,(anonymous_5)
FN:23,(anonymous_6)
FNF:3
FNH:3
FNDA:4,(anonymous_4)
FNDA:13,(anonymous_5)
FNDA:6,(anonymous_6)
DA:1,4
DA:9,4
DA:12,4
DA:13,4
DA:17,4
DA:18,13
DA:23,4
DA:27,6
LF:8
LH:8
BRF:0
BRH:0
end_of_record
TN:
SF:src/sync/sync.service.ts
FN:25,(anonymous_4)
FN:32,(anonymous_5)
FN:38,(anonymous_6)
FN:119,(anonymous_7)
FNF:4
FNH:4
FNDA:13,(anonymous_4)
FNDA:19,(anonymous_5)
FNDA:19,(anonymous_6)
FNDA:9,(anonymous_7)
DA:1,5
DA:2,5
DA:3,5
DA:4,5
DA:5,5
DA:22,5
DA:23,13
DA:27,13
DA:28,13
DA:29,13
DA:33,19
DA:34,19
DA:35,19
DA:36,19
DA:38,19
DA:39,19
DA:42,19
DA:49,19
DA:50,19
DA:52,19
DA:53,33
DA:54,33
DA:55,3
DA:56,3
DA:60,33
DA:63,19
DA:64,3
DA:68,19
DA:70,30
DA:71,5
DA:74,5
DA:75,5
DA:78,25
DA:85,25
DA:86,12
DA:87,12
DA:88,12
DA:89,12
DA:90,12
DA:91,12
DA:93,13
DA:101,13
DA:102,13
DA:108,19
DA:112,19
DA:116,19
DA:123,9
DA:125,7
DA:129,7
DA:130,5
DA:131,5
DA:132,5
DA:133,5
DA:135,2
DA:145,7
LF:55
LH:55
BRDA:54,0,0,3
BRDA:63,1,0,3
BRDA:70,2,0,5
BRDA:85,3,0,12
BRDA:85,3,1,13
BRDA:129,4,0,5
BRDA:129,4,1,2
BRF:7
BRH:7
end_of_record
TN:
SF:src/time-off/time-off.controller.ts
FN:20,(anonymous_4)
FN:25,(anonymous_5)
FN:30,(anonymous_6)
FN:39,(anonymous_7)
FNF:4
FNH:4
FNDA:9,(anonymous_4)
FNDA:42,(anonymous_5)
FNDA:3,(anonymous_6)
FNDA:3,(anonymous_7)
DA:1,5
DA:14,5
DA:15,5
DA:16,5
DA:19,5
DA:20,9
DA:25,5
DA:26,42
DA:30,5
DA:31,3
DA:32,3
DA:33,1
DA:35,2
DA:39,5
DA:40,3
LF:15
LH:15
BRDA:32,0,0,1
BRF:1
BRH:1
end_of_record
TN:
SF:src/time-off/time-off.service.ts
FN:27,(anonymous_4)
FN:42,(anonymous_5)
FN:50,(anonymous_6)
FN:100,(anonymous_7)
FN:105,(anonymous_8)
FN:172,(anonymous_9)
FN:249,(anonymous_10)
FN:253,(anonymous_11)
FNF:8
FNH:8
FNDA:26,(anonymous_4)
FNDA:48,(anonymous_5)
FNDA:65,(anonymous_6)
FNDA:48,(anonymous_7)
FNDA:48,(anonymous_8)
FNDA:29,(anonymous_9)
FNDA:1,(anonymous_10)
FNDA:1,(anonymous_11)
DA:1,6
DA:2,6
DA:3,6
DA:4,6
DA:5,6
DA:6,6
DA:7,6
DA:8,6
DA:9,6
DA:10,6
DA:11,6
DA:23,6
DA:24,26
DA:25,26
DA:29,26
DA:31,26
DA:33,26
DA:35,26
DA:37,26
DA:38,26
DA:39,26
DA:43,48
DA:44,48
DA:45,42
DA:47,48
DA:51,65
DA:54,65
DA:55,2
DA:59,63
DA:62,63
DA:63,3
DA:65,60
DA:66,3
DA:70,57
DA:73,57
DA:74,2
DA:78,55
DA:81,55
DA:82,4
DA:86,51
DA:87,5
DA:90,5
DA:91,3
DA:94,3
DA:99,48
DA:100,48
DA:101,48
DA:114,48
DA:117,48
DA:121,48
DA:122,48
DA:123,43
DA:126,5
DA:127,4
DA:136,4
DA:138,1
DA:142,43
DA:143,43
DA:144,14
DA:147,14
DA:148,12
DA:149,12
DA:150,12
DA:151,12
DA:153,2
DA:166,43
DA:167,43
DA:168,14
DA:172,29
DA:173,29
DA:174,29
DA:179,29
DA:180,29
DA:187,2
DA:196,2
DA:199,27
DA:200,1
DA:209,1
DA:213,26
DA:216,26
DA:217,26
DA:220,26
DA:227,26
DA:228,3
DA:229,3
DA:233,23
DA:236,26
DA:245,26
DA:250,1
DA:254,1
DA:255,1
DA:256,1
DA:257,1
DA:258,1
LF:94
LH:94
BRDA:44,0,0,42
BRDA:54,1,0,2
BRDA:62,2,0,3
BRDA:65,3,0,3
BRDA:73,4,0,2
BRDA:81,5,0,4
BRDA:81,6,0,55
BRDA:81,6,1,54
BRDA:86,7,0,5
BRDA:90,8,0,3
BRDA:117,9,0,46
BRDA:117,9,1,2
BRDA:126,10,0,4
BRDA:133,11,0,4
BRDA:133,11,1,4
BRDA:142,12,0,43
BRDA:142,12,1,2
BRDA:143,13,0,14
BRDA:143,14,0,43
BRDA:143,14,1,41
BRDA:147,15,0,12
BRDA:147,15,1,2
BRDA:167,16,0,14
BRDA:193,17,0,2
BRDA:193,17,1,2
BRDA:199,18,0,1
BRDA:206,19,0,1
BRDA:206,19,1,1
BRDA:216,20,0,26
BRDA:227,21,0,3
BRDA:227,21,1,23
BRDA:242,22,0,26
BRDA:242,22,1,3
BRDA:243,23,0,26
BRDA:243,23,1,24
BRDA:255,24,0,1
BRDA:256,25,0,0
BRDA:257,26,0,0
BRF:38
BRH:36
end_of_record
TN:
SF:src/time-off/dto/create-time-off-request.dto.ts
FNF:0
FNH:0
DA:1,5
DA:9,5
DA:12,5
DA:16,5
DA:20,5
DA:24,5
LF:6
LH:6
BRF:0
BRH:0
end_of_record
TN:
SF:src/time-off/dto/query-time-off-requests.dto.ts
FNF:0
FNH:0
DA:1,5
DA:3,5
DA:6,5
DA:10,5
DA:14,5
LF:5
LH:5
BRF:0
BRH:0
end_of_record
